37
MarsUltrav8
PhilippI SergeyU SusanQ PhilippP SergeyT BenjaminT RuthX BakhodirG MatasW 
StreamXv6
BakhodirW JenK SergeyN ClementM ClementT 
GlassOSLitev9
FionaJ PetarF SundarA PhilippK HiroshiF PhilippH 
DuoZv2
PhilippY SundarP FionaF 
MarsLitev5
BakhodirD TatiyanaC 
DaydreamLitev7
BenjaminO 
StreamXv9
LarryO 
ExploreUltrav8
BakhodirD ClementM SergeyV HiroshiF ClementT SusanQ ClementE 
DuoZv4
ThomasK SundarP LarryX FionaJ PhilippK RuthX ThomasM 
StreetViewXv1
TatiyanaC JenK FionaF 
SlidesNextv2
JenZ PhilippH 
SitesSv1
SergeyU ClementL 
ChromeOSLitev3
PhilippP HiroshiW PhilippY 
FuchsiaXv6
SundarL SundarA 
ShoppingProv8
FionaN PhilippI 
WearOSLitev5
NellyY BakhodirD TatiyanaC JenK PhilippI 
SmartSv2
FionaF BakhodirW PhilippK BenjaminT FionaN 
ResearchXv8
SundarP ClementM BenjaminO MatasC ClementE 
GameProv6
LarryO SusanQ SergeyT 
SmartLitev9
JenZ ThomasK PhilippP 
MarsXv1
HiroshiF ClementT MichalB MatasH 
GameProv3
PhilippY 
ConnectLitev9
SundarA 
DocsNextv2
SundarP MatasC ClementL 
StreetViewProv9
SundarA MatasC ClementE MatasW JenK PhilippK NellyY LarryO 
MapsProv8
HiroshiW SergeyT BakhodirD 
ClassroomMaxv2
TatiyanaC SusanQ 
ShortsNextv7
FionaF PhilippY HiroshiF 
WebserverProv6
PhilippP 
GameLitev8
PhilippP PhilippK MatasW SergeyN 
AndroidAutoZv2
PhilippH JenK PhilippI LarryX SergeyU 
BuildMaxv1
MichalB RuthX NellyY BakhodirG SergeyV 
FeedBurnerMaxv3
TatiyanaC LarryO 
ChromeNextv7
BakhodirA BakhodirD PhilippY 
AndroidTVMaxv5
HiroshiF SundarP PhilippK 
ReleaseUltrav1
ClementT BakhodirD 
CastOSProv6
BakhodirD 
