47
StreamZv6
c1134 c1373 c1080 c1050 c1010 c1006 c1001 c109 c1033 c1167 c1048 c1152 c1004 c1090 c1034 c1065 c108 c1042 c1228 c1120 c1345 c1106 c1311 c1 c1039 c1018 c1098 c1068 c1047 c1023 c1128 c1024 c1246 c1082 c106 c117 c1005 c107 c1063 c102 c1117 c1300 c103 c1045 c1053 c1240 c1109 c163 c1017 c1025 c1269 c1171 c1141 c1099 
ImagesNextv7
c1105 c1007 c1036 c558 c1070 c1085 c1049 c1083 c10 c121 c358 c1153 c1499 c216 c1162 c1420 c1149 c1190 c1146 c1111 c1187 c1086 c1101 c142 c1148 c1253 c1374 c1014 c192 c157 c1426 c1350 c112 c1074 c1176 c1016 c1150 c1377 c1060 c1087 c115 c1145 c1151 c1493 c1223 c1038 c1002 c1030 c1267 c47 c1100 c1000 c1169 c1206 c1466 c15 c1448 
ChromecastNextv4
c1143 c1156 c1056 c1071 c1137 c1110 c1185 c1289 c563 c1379 c473 c1178 c1344 c1044 c1340 c1012 c1091 c1225 c1297 c1291 c1313 c1115 c1327 c391 c275 c1415 c1475 c1212 c1198 c1032 c1073 c1114 c118 c1163 c1021 c1383 c711 c56 c1011 c1314 c1193 c1232 c105 c1319 c523 c19 c1166 c1084 c1188 c1107 c1088 c1488 c1182 c1108 c1124 c1059 c1147 c1362 c145 
DrawingsLitev8
c1174 c113 c1271 c1278 c1096 c1055 c1207 c1058 c1057 c1194 c1168 c1076 c1421 c1370 c1026 c1496 c1075 c1226 c1133 c1069 c1199 c1184 c1172 c1338 c1138 c1177 c1139 c1280 c1224 c1339 c1144 c1164 c1028 c1041 c101 c1093 c1061 c1118 c350 c1281 c1009 c1445 c187 c1126 c1097 c1222 c1292 c1119 c1008 c165 c1054 c1214 c1160 c155 
WearOSMaxv2
c676 c237 c1336 c1347 c1258 c213 c1294 c1277 c1051 c4 c1062 c1229 c139 c1122 c1279 c1293 c104 c1221 c1407 c122 c1066 c1135 c1317 c1446 c119 c1260 c114 c537 c1201 c1259 c1323 c1391 c702 c1474 c1158 c1173 c144 c1234 c1480 c1197 c643 c397 c424 c430 c126 c1485 c1305 c1460 c1181 c431 c303 c1064 c587 c125 c1242 c1497 c179 c1079 
StreamXv2
c1287 c1215 c1268 c1389 c1102 c1035 c1409 c1027 c1095 c1238 c1125 c1230 c1298 c1295 c1020 c1013 c1202 c1334 c1203 c1043 c1170 c180 c1270 c201 c1244 c195 c281 c249 c1372 c1183 c1381 c1342 c267 c1249 c1132 c1358 c124 c1142 c1310 c1067 c1195 c1330 c143 c24 c1406 c12 c251 c0 c1104 c1355 c1237 c1247 c1290 c1276 c245 c158 c1462 c1329 c1307 
MapsUltrav8
c1121 c1275 c1227 c1161 c1113 c123 c1360 c127 c1200 c1130 c133 c1209 c1456 c1031 c1189 c1175 c1365 c1261 c1003 c1284 c1376 c1430 c1127 c1302 c1434 c1094 c1029 c1180 c1015 c1239 c1254 c1312 c1326 c149 c1154 c1266 c1356 c1454 c1219 c170 c1236 c1186 c110 c1388 c1179 c1368 c1231 c1205 c1304 c1464 c1208 c1220 c1129 c203 
DaydreamZv6
c1333 c1463 c331 c188 c263 c534 c312 c1479 c239 c1438 c461 c1402 c1250 c128 c212 c1255 c302 c1321 c1306 c1418 c1348 c1436 c185 c1413 c1155 c1482 c272 c1089 c1131 c1437 c544 c116 c1382 c1440 c1399 c221 c1235 c1337 c1471 c395 c250 c178 c1384 c1265 c313 c1192 c1451 c1248 c1494 c1157 c1286 c1211 c344 c1352 c1410 c1416 c1444 
ChatLitev7
c1322 c1218 c21 c1256 c132 c1411 c1251 c235 c129 c1299 c148 c1386 c1092 c333 c190 c11 c1264 c1361 c1204 c1395 c1351 c1159 c134 c231 c1353 c1040 c1439 c1052 c1476 c135 c1424 c1398 c1486 c1213 c1112 c152 c1316 c1491 c1489 c1309 c219 c1037 c1487 c1252 c1359 c1400 c1449 c13 c1315 c1363 c1468 
GroupsProv2
c374 c1452 c173 c172 c273 c1403 c220 c181 c168 c483 c1412 c299 c236 c30 c1385 c22 c23 c1423 c1425 c651 c252 c744 c1484 c1469 c138 c1404 c1461 c1427 c17 c1196 c153 c453 c286 c561 c1282 c233 c1262 c120 c352 c1077 c469 c1123 c324 c1390 c1081 c334 c1433 c1078 c194 c381 
SkyXv9
c140 c1380 c1450 c1233 c230 c160 c1332 c154 c1397 c211 c31 c1140 c1273 c1019 c130 c1191 c1274 c159 c293 c1103 c257 c1473 c1481 c1435 c1335 c111 c198 c214 c1328 c1343 c260 c1401 c1165 c1357 c1318 c1354 c1301 c407 c1210 c234 c199 c1046 c1245 c301 c262 c459 c151 c1072 c1116 c18 
DatasetSearchZv7
c1324 c1272 c1465 c261 c1022 c204 c291 c1263 c535 c162 c1477 c1422 c289 c1325 c1396 c1392 c1136 c1393 c314 c360 c306 c1431 c1346 c269 c38 c46 c146 c1366 c1453 c1367 c1364 c1378 c1375 c225 c318 c14 c222 c353 c1455 c218 c258 c346 c27 c348 c481 c1429 c1495 c1303 
DaydreamProv6
c232 c1308 c1459 c1241 c268 c749 c1470 c300 c442 c433 c1457 c284 c226 c1217 c1467 c716 c177 c1428 c2 c663 c206 c369 c419 c378 c471 c338 c171 c409 c169 c474 c246 c341 c452 c400 c1341 c217 c100 c164 c362 c1369 c215 c1243 c1458 c316 c559 c25 c516 c1447 c166 c373 c621 c521 c298 c529 c426 c1483 c311 c1216 
DatabaseUltrav7
c240 c382 c408 c193 c326 c1443 c189 c175 c197 c223 c367 c310 c329 c288 c436 c562 c227 c147 c1387 c308 c278 c1394 c228 c1478 c1296 c255 c1408 c1472 c184 c150 c59 c417 c1288 c167 c441 c359 c470 c520 c141 c285 c40 c1283 c32 c208 c1405 c403 c576 c16 c156 c1432 c1285 c265 c305 c319 c26 c508 
ChromecastZv5
c1414 c602 c546 c294 c183 c1349 c136 c271 c412 c270 c1492 c1490 c63 c200 c464 c277 c608 c327 c210 c304 c1320 c614 c413 c1417 c422 c131 c205 c1441 c259 c276 c320 c429 c328 c1331 c242 c498 c279 c330 c495 c1371 c283 
SitesUltrav3
c243 c411 c137 c356 c335 c388 c229 c664 c503 c487 c3 c323 c1442 c542 c186 c202 c398 c36 c385 c364 c174 c375 c393 c247 c37 c5 c297 c238 c519 c511 c248 c510 c28 c389 c224 c903 c500 c376 c659 c274 c462 c340 c415 c254 c339 c427 c439 
DataSv1
c355 c638 c256 c337 c43 c425 c196 c290 c379 c60 c396 c723 c332 c280 c295 c351 c363 c528 c505 c406 c494 c34 c345 c372 c191 c309 c349 c241 c556 c182 c518 c421 c410 c253 c707 c386 c566 c910 c493 c692 c264 c525 c456 c287 c48 
FlightsNextv3
c693 c209 c176 c315 c1498 c501 c33 c517 c361 c52 c322 c443 c20 c244 c366 c428 c416 c432 c444 c296 c507 c477 c402 c642 c41 c482 c1419 c570 c266 c1257 c705 c465 c282 c449 c53 c343 c438 c598 c448 c813 c414 c532 c69 c45 c54 c541 c600 c831 c578 c392 c207 c727 c564 
ShoppingUltrav6
c404 c710 c772 c596 c447 c321 c533 c597 c317 c29 c472 c336 c161 c370 c732 c618 c49 c515 c466 c390 c292 c567 c42 c687 c552 c526 c581 c342 c457 c514 c35 c788 c455 c380 c654 c434 c423 c647 c499 c653 c460 c307 c531 c420 c479 
StreamUltrav2
c682 c548 c549 c780 c580 c874 c660 c655 c575 c612 c440 c70 c475 c435 c573 c50 c582 c401 c838 c538 c615 c646 c437 c588 c771 c377 c547 c579 c467 c458 c368 c325 c365 c686 c809 c729 c589 c491 c630 c669 c496 c649 c480 c509 c383 c656 
DreamXv8
c569 c490 c560 c955 c66 c657 c454 c572 c384 c770 c485 c768 c577 c648 c51 c451 c550 c696 c484 c764 c673 c719 c497 c584 c845 c95 c756 c357 c726 c557 c752 c794 c522 c724 c666 c677 c661 c74 c574 c539 c61 c635 c750 c613 c766 c492 c791 c624 c512 c450 
FlightsUltrav5
c844 c681 c698 c773 c524 c668 c909 c594 c806 c536 c486 c586 c820 c387 c585 c87 c399 c695 c876 c733 c680 c810 c836 c609 c405 c354 c478 c445 c709 c622 c852 c816 c488 c606 c543 c796 c555 
MapsZv4
c593 c787 c807 c93 c671 c674 c720 c595 c592 c932 c688 c754 c748 c848 c57 c502 c736 c583 c897 c880 c611 c629 c826 c977 c504 c802 c80 c62 c906 c799 c76 c90 c827 c75 c885 c540 c803 c824 c854 
DuoMaxv4
c551 c781 c672 c506 c957 c879 c697 c607 c565 c7 c617 c554 c917 c571 c790 c665 c513 c795 c989 c782 c636 c620 c834 c68 c641 c446 c347 c489 c634 c755 c627 c6 c603 c644 c65 c925 c926 c394 c530 c819 
PatentsZv3
c769 c969 c476 c631 c670 c658 c82 c418 c599 c699 c86 c39 c946 c689 c591 c953 c857 c737 c703 c601 c974 c704 c949 c78 c856 c553 c652 c623 c94 c605 c923 c715 c628 c893 c371 c83 c829 c633 c85 c898 c828 c701 c751 c847 
CastOSSv8
c859 c708 c650 c858 c890 c73 c825 c774 c55 c830 c527 c662 c590 c875 c679 c685 c568 c463 c892 c783 
BooksUltrav6
c1375 c103 c1404 c1247 c1106 c1171 c106 c1017 c1123 c1122 c109 c108 c1394 c303 c1359 c0 c1497 c1290 c204 c453 c1485 c1476 c102 c1347 c1352 c1195 c49 c1460 c1486 c120 c1181 c1446 c1260 c190 c674 c198 c1025 c237 c1128 c114 c850 c1259 c1242 c1173 c1170 c1279 c179 c1382 c164 c1465 c104 c1006 c914 c197 c1039 c544 
WearOSMaxv1
c100 c1167 c122 c240 c1258 c119 c792 c1336 c1042 c1112 c1053 c154 c1158 c1494 c1197 c2 c1423 c1329 c1458 c566 c188 c1287 c1373 c400 c1491 c618 c1233 c1364 c1066 c8 c1305 c193 c1378 c1020 c1269 c1043 c1306 c1201 c1343 c124 c293 c1395 c1293 c1309 c20 c1228 c125 c537 c702 c419 c920 c1155 c347 c643 c1196 c169 c1062 c1405 
VoiceXv4
c1333 c1010 c1051 c1270 c1243 c1429 c1001 c250 c267 c1013 c1004 c1244 c1045 c1131 c1 c128 c1132 c1438 c1409 c1202 c1412 c1082 c1117 c1425 c221 c1157 c424 c1408 c1183 c1346 c395 c139 c1048 c161 c406 c1322 c431 c132 c1358 c1307 c272 c1238 c1027 c1286 c1361 
PatentsLitev7
c135 c1063 c1354 c1215 c1317 c1234 c159 c1381 c1125 c1120 c152 c231 c126 c1495 c1217 c750 c256 c1363 c1240 c1342 c1399 c1047 c1250 c1300 c251 c1273 c1235 c545 c107 c1416 c1298 c244 c316 c194 c195 c1323 c212 c1068 c348 c1396 c138 c1089 c1079 c129 c1109 c1308 c230 c1283 
TranslateSv8
c1191 c380 c1463 c683 c1152 c582 c208 c1487 c1484 c1477 c1211 c153 c1334 c1095 c1288 c285 c1427 c570 c261 c1443 c489 c236 c1390 c592 c1265 c201 c1277 c433 c572 c238 c253 c1369 c163 c381 c1294 c241 c1245 c1480 c12 c249 
PhoneProv5
c1435 c352 c461 c116 c1023 c11 c1102 c1330 c385 c172 c714 c232 c209 c1024 c309 c1067 c1451 c1263 c369 c1203 c1474 c3 c282 c1282 c296 c1397 c753 c1035 c1324 c1081 c1335 c1134 c22 c377 c1050 c1090 c1437 c1498 c16 c286 c333 c1470 c167 c1141 c1424 c1301 c1077 c1449 c374 c612 c225 
ConnectNextv4
c1099 c1407 c1355 c1237 c27 c1276 c1080 c522 c672 c45 c1318 c144 c1418 c23 c42 c496 c1065 c448 c459 c1345 c1098 c1462 c1033 c289 c1072 c13 c18 c298 c1142 c1241 c262 c509 c1092 c1037 c349 c338 c335 c368 c117 c134 
SitesProv9
c1482 c1432 c199 c1218 c147 c46 c1328 c278 c1321 c334 c1393 c1473 c663 c1337 c324 c245 c252 c427 c479 c726 c1457 c1380 c1040 c638 c342 c351 c288 c811 c1251 c1384 c1005 c17 c373 c364 c1230 c24 c291 c1461 c1159 c1479 c1444 
DaydreamSv6
c1246 c51 c1299 c302 c28 c1391 c1285 c1296 c559 c470 c254 c1468 c469 c404 c1392 c517 c1135 c502 c1341 c491 c34 c620 c593 c556 c1400 c130 c1311 c219 c693 c383 c1262 c1385 c181 c268 c1366 c202 c189 c1295 c1248 c1428 c1357 c1403 c529 c1471 c21 c31 c540 c341 c1447 
StreamNextv8
c1422 c141 c610 c1257 c43 c1389 c766 c483 c287 c1216 c1268 c1332 c393 c1459 c1274 c247 c514 c310 c452 c185 c1249 c1348 c318 c234 c75 c178 c401 c506 c1402 c176 c441 c676 c739 c171 c60 c848 c573 c652 c168 c359 c549 c322 c1034 c214 c561 c260 
FuchsiaLitev1
c1483 c363 c579 c1204 c1104 c1064 c1387 c1192 c217 c1315 c160 c1440 c442 c1453 c910 c886 c1103 c274 c1018 c451 c150 c1310 c667 c1469 c71 c355 c526 c438 c137 c239 c518 c206 c301 c1489 c79 c229 c1386 c501 c255 
VoiceUltrav2
c1433 c804 c831 c569 c615 c235 c764 c143 c1413 c173 c1353 c1078 c182 c1406 c222 c611 c1116 c361 c1436 c266 c378 c901 c1439 c258 c531 c1052 c397 c25 c74 c386 c482 c1452 c1351 c1221 c319 c32 c84 c481 c613 c30 c1401 c313 c1272 c308 c1303 c468 c627 c414 c33 c370 
SkyUltrav1
c644 c226 c842 c713 c416 c862 c657 c29 c754 c257 c626 c925 c4 c269 c935 c685 c300 c243 c344 c366 c325 c175 c281 c727 c763 c497 
AndroidSv7
c903 c290 c580 c280 c787 c651 c1264 c360 c420 c774 c587 c599 c177 c382 c220 c965 c111 c384 c371 c521 c1419 c853 c1229 c215 c273 
BooksXv3
c835 c211 c912 c346 c263 c227 c515 c407 c960 c409 c873 c875 c248 c512 c388 c14 c880 c688 c619 c246 
TravelUltrav7
c1073 c112 c1011 c1062 c1281 c1124 c1434 c561 c1135 c1057 c192 c603 c1448 c1311 c1496 c1020 c1053 c1180 c749 c1034 c1129 c1378 c448 c1147 c1454 c1076 c702 c1142 c1021 c263 c1177 c1096 c1464 c1085 c1228 c555 c1362 c1145 c1075 c10 c1138 c1003 c558 c350 c1070 c1420 c1026 c118 c15 c482 c47 c1345 c1012 c1225 c1153 c1223 c1059 
DataSv2
c1491 c1368 c1426 c1061 c119 c1212 c1187 c412 c1196 c1268 c56 c1155 c1344 c1166 c1379 c1190 c1193 c1313 c1197 c1154 c1111 c1338 c246 c1189 c1231 c937 c1319 c1121 c122 c1148 c187 c1176 c339 c1150 c1340 c1296 c1105 c1206 c1267 c125 c52 c1395 c798 c51 c1099 c1431 c1246 c1293 c462 c1002 c1060 c1115 c100 c260 c1016 c1087 
ReleaseUltrav2
c1182 c1101 c181 c332 c761 c234 c1318 c575 c1415 c1149 c1118 c1038 c419 c1049 c1054 c430 c1407 c434 c302 c1456 c1083 c1350 c1316 c75 c318 
KeepNextv5
c1185 c157 c185 c559 c1167 c789 c792 c1014 c1239 c596 c101 c1442 c1458 c266 c1292 c1199 c933 c1114 c1066 c556 c1439 c123 c1441 c121 c908 c580 c642 c1174 c1275 c115 c1430 c1312 c407 
DuoProv6
c1143 c635 c810 c1389 c299 c165 c756 c871 c1216 c176 c1071 c927 c1072 c1110 c1320 c1146 c1044 c399 c524 c177 c1226 c1447 
ClassroomProv8
c1221 c1056 c1445 c275 c1336 c1499 c144 c1372 c1232 c1241 c895 c1297 c196 c966 c676 c1291 c1042 c1092 c934 c707 c1237 c358 
