56
ChatLitev6
MaxD MaxM NellyD ClementI ClementB StefanH BenjaminK PrabhakarB PetarJ PhilippS StepanK FionaR 
MarsUltrav4
PhilippY NellyB PetarG BenjaminY TatiyanaT StefanD NellyO MichalQ PhilippE LarryG BakhodirJ MichalF SusanC BakhodirB PetarA ClementU RuthP 
ScholarXv6
SundarD NellyT PrabhakarC BakhodirR RuthB FionaE FionaS HiroshiK MatasK BakhodirG FionaO TatiyanaP 
FormsUltrav3
ThomasL MatasF HiroshiI MichalB MaxS PetarN TatiyanaA StepanO 
AndroidTVLitev7
RuthW LarryO JenE TatiyanaZ BakhodirD NellyM BakhodirM FionaG StefanA 
ChartsMaxv5
FionaU ClementG MichalY StefanF FionaT 
StreetViewXv9
PrzemekQ StefanX MaxH ThomasU NellyI 
FinanceMaxv7
LarryN StepanU HiroshiL ThomasT BenjaminP 
PatentsMaxv2
MatasI NellyU LarryF MatasP HiroshiE RuthJ BenjaminX PrzemekT ThomasE LarryC 
DataSv9
FionaK FionaX JenW MaxA PrabhakarA HiroshiX BenjaminN MichalI RuthD FionaB 
ReleaseLitev7
ClementC SergeyW FionaV MaxO 
SearchUltrav8
HiroshiV PhilippI MichalS 
CastOSSv6
MichalM ThomasW HiroshiT 
FuchsiaProv7
BenjaminH FionaW BakhodirQ 
CodeZv4
NellyR BenjaminR 
MoonXv3
MaxR PetarM 
CollectionsUltrav9
HiroshiZ BenjaminO 
FeedBurnerLitev8
MichalK BenjaminL PrabhakarE 
SkyProv4
BakhodirC ThomasQ 
MapsNextv5
PrzemekR FionaZ 
LoggingXv4
SergeyJ BakhodirF MaxK 
AssistantMaxv9
MichalA 
FinanceXv5
ClementV 
NewsXv5
FionaI PrzemekH 
CurrentsProv2
StepanJ 
ConnectXv3
StefanG 
BuildProv1
PrabhakarI 
LearnProv8
JenI 
CurrentsProv7
SusanT 
AndroidAutoZv1
PetarV SundarJ 
SkyZv5
SundarM 
TravelProv6
MaxW 
CurrentsXv1
MaxP 
SantaTrackerProv9
JenO 
SheetsZv4
RuthF SergeyR 
PixelProv1
NellyX 
KeepNextv4
PrabhakarN 
ClassroomSv2
ClementN 
DataNextv9
ClementO SergeyR HiroshiI JenE FionaG FionaZ JenF StepanK PrzemekH BenjaminR HiroshiO TatiyanaI MichalB NellyB PrzemekW HiroshiD PetarV BenjaminY SergeyQ MatasQ JenY JenW PhilippC JenS TatiyanaZ 
DatasetSearchLitev6
PrzemekP MaxA BenjaminH ClementJ StefanD SundarI PhilippK PetarN HiroshiM 
CalendarLitev5
BenjaminS HiroshiE PrabhakarB BakhodirA 
DocsUltrav2
BakhodirB NellyM ClementA NellyW LarryL PrabhakarM FionaA HiroshiK 
GroupsZv8
BakhodirL PetarI StepanL MichalV BenjaminK 
ChromeLitev4
LarryU MichalY PrabhakarA 
DaydreamMaxv4
ThomasQ 
CollectionsProv5
HiroshiT SundarD MaxE 
StreetViewXv2
RuthW PrzemekF HiroshiS 
StreetViewMaxv8
PetarA 
NewsMaxv1
PetarG 
MoonUltrav4
LarryN 
BloggerProv9
ThomasE 
VoiceZv6
HiroshiQ HiroshiL 
ClassroomXv9
LarryG StepanK 
ScholarZv1
NellyR MichalQ PrzemekP LarryU 
TravelUltrav3
LarryI JenE 
KeepXv1
PrabhakarA 
