2474
p4567
c791 c708 c291 c232 c780 c308 c314 c723 c236 c498 
p1529
c484 c311 c275 c129 c189 c799 c13 c614 c183 c347 
p2099
c388 c390 c257 c719 c580 c214 c217 c21 c99 c324 
p8008
c589 c41 c363 c47 c391 c188 c55 c69 c412 c160 
p3149
c179 c469 c506 c750 c422 c10 c534 c23 c118 c777 
p7388
c478 c194 c90 c271 c644 c568 c229 c182 c402 
p8750
c419 c370 c549 c633 c134 c742 c202 c136 
p1014
c585 c667 c372 c674 c759 c36 c537 c715 c0 
p4457
c448 c522 c248 c26 c666 c548 c453 c503 
p4302
c57 c315 c797 c640 c586 c579 c105 c306 c482 c150 
p9090
c441 c661 c115 c779 c165 c30 c155 c208 c178 c139 
p711
c244 c164 c728 c5 c693 c740 c604 c298 
p4174
c211 c629 c32 c511 c133 c734 c253 c613 c646 c376 
p8784
c488 c400 c457 c328 c508 c227 c17 c259 c632 c340 
p6568
c487 c215 c241 c771 c170 c221 c705 c732 c27 c620 
p396
c605 c326 c555 c578 c637 c696 c413 c717 c212 c787 
p584
c650 c357 c789 c552 c635 c706 c138 c417 c553 
p6417
c619 c697 c556 c75 c765 c72 c114 c58 
p216
c309 c428 c366 c432 c411 c471 c673 c440 c196 c496 
p3591
c577 c278 c724 c683 c126 c353 c156 c654 
p5245
c389 c344 c9 c38 c245 c132 c424 c541 
p4486
c302 c528 c735 c515 c401 c764 c348 c371 c569 
p7511
c342 c337 c526 c261 c725 c35 c665 c497 c104 c169 
p582
c323 c634 c691 c225 c435 c573 c249 c137 c255 c564 
p2312
c20 c128 c516 c628 c161 c490 c792 
p9910
c486 c382 c79 c499 c31 c525 
p3144
c166 c159 c472 c491 c699 c558 c786 
p746
c703 c788 c351 c135 c680 c25 c304 c739 
p507
c776 c262 c736 c738 c222 c615 c494 c744 c737 
p3849
c752 c42 c769 c602 c141 c618 
p692
c102 c403 c318 c260 c386 c96 
p9039
c181 c563 c123 c368 c85 c200 c80 c338 
p5916
c195 c125 c124 c438 c754 c29 
p1926
c224 c364 c121 c477 c495 
p9520
c483 c14 c517 c416 c631 c668 
p67
c185 c168 c572 c692 c753 c321 c280 
p4683
c322 c74 c601 c566 c544 c546 
p1085
c409 c270 c700 c220 c358 c49 c218 c313 
p4867
c655 c684 c198 c59 c191 
p2503
c643 c621 c721 c445 c656 
p2991
c682 c439 c561 c22 c574 c521 c581 
p8998
c695 c596 c664 c103 
p6317
c785 c361 c15 c394 c68 c100 c149 
p2449
c535 c352 c467 c228 c140 
p129
c588 c657 c652 c16 c571 
p5016
c768 c714 c479 c190 
p4309
c627 c407 c77 c649 c529 c112 
p1942
c146 c492 c456 c590 c606 c539 c109 c446 c127 c756 
p3945
c505 c704 c56 c320 c533 c688 c142 
p308
c576 c726 c436 c71 c500 c662 c701 c207 
p5934
c641 c7 c362 c437 c120 
p6252
c171 c562 c87 c587 
p9507
c203 c4 c148 
p6415
c493 c659 c790 c727 c592 c293 
p9510
c91 c108 c97 c379 
p4805
c447 c206 c325 c18 
p7608
c292 c333 c205 
p6158
c266 c748 c303 c284 c383 c404 
p6691
c3 c50 c710 c153 
p2815
c594 c480 c70 
p9082
c773 c653 c240 c197 c458 
p6335
c111 c410 c796 
p9264
c427 c450 c44 
p2634
c542 c540 c263 c210 c285 
p2506
c283 c365 c48 c167 c356 c510 c73 
p6145
c282 c663 c147 c201 c385 
p325
c729 c774 c24 c296 
p236
c476 c66 c343 
p3694
c638 c93 
p6386
c43 c152 c355 
p879
c527 c290 c434 c89 
p6292
c582 c474 c81 c760 
p5709
c106 c144 c603 
p8452
c269 c660 
p5343
c781 c131 c405 
p7179
c794 c559 
p3901
c783 c335 
p6533
c110 c392 c395 
p5229
c349 c530 
p4519
c519 c702 c62 c751 
p7648
c95 c2 c88 
p4200
c733 c610 
p7126
c716 c82 
p5187
c295 c512 c645 c8 c551 
p9948
c331 c608 c784 
p8028
c770 c676 
p8173
c426 c431 c514 
p916
c670 c60 
p1501
c397 c502 c234 
p4933
c543 c94 
p8569
c584 c336 
p4685
c707 c766 
p4663
c671 c33 c122 
p3018
c350 c341 
p296
c452 c130 c238 c233 c775 
p5659
c223 c444 
p5932
c597 c609 
p1323
c246 c713 c565 
p9381
c381 c378 
p1615
c678 c61 
p7336
c461 c442 
p4924
c658 
p6179
c616 
p8490
c795 
p6803
c625 
p9007
c373 c186 
p197
c174 
p8772
c45 
p8357
c286 c600 
p1282
c623 
p6599
c418 c772 
p642
c251 c507 
p3961
c367 c430 
p966
c192 
p8721
c78 
p8822
c46 c332 c778 
p7815
c761 
p5868
c158 c231 
p5780
c443 c6 
p3900
c305 c330 
p4235
c67 c226 
p3208
c193 
p7850
c39 c545 c258 
p3884
c509 c387 
p8296
c622 
p7671
c272 c398 
p8440
c316 
p597
c475 
p9431
c758 c375 
p301
c793 
p284
c317 
p9215
c593 
p5209
c237 
p9201
c583 
p6608
c289 
p7958
c254 
p3848
c560 
p8436
c687 c611 c504 
p6115
c463 c354 
p1649
c433 
p6827
c256 c420 
p4490
c384 
p3504
c399 
p3539
c76 c722 
p1303
c607 
p7728
c612 
p9238
c204 
p3000
c83 
p3613
c63 
p9568
c523 c639 
p8131
c567 c520 
p9080
c470 
p9528
c718 
p8930
c755 
p51
c466 
p6952
c626 
p8590
c151 
p6801
c86 
p5769
c423 
p2554
c37 
p1782
c730 
p2068
c524 
p1122
c213 
p8643
c647 c274 
p5674
c172 
p9342
c175 
p7910
c273 c101 
p8103
c449 c547 
p7554
c489 
p5972
c689 
p5003
c762 c176 
p7429
c113 
p6993
c19 
p3931
c247 
p9036
c624 
p1995
c731 
p1752
c64 
p9249
c767 c454 
p8041
c694 
p5068
c307 
p3543
c239 
p6046
c473 
p6037
c28 
p4729
c685 
p4032
c230 
p240
c92 
p3952
c406 
p1487
c554 
p2379
c709 
p5170
c651 
p3352
c157 
p1389
c219 
p1244
c250 
p5843
c346 
p3039
c763 c782 
p1898
c287 
p895
c279 
p4269
c429 
p2703
c648 
p725
c40 
p6057
c595 
p2562
c636 
p9110
c481 
p8265
c301 
p6062
c53 
p9107
c267 
p6126
c425 
p6042
c798 
p7380
c536 
p8094
c312 
p6164
c690 
p9125
c116 
p8331
c334 c518 
p1354
c294 
p9133
c380 
p6058
c599 
p7912
c1 
p6119
c513 
p568
c720 
p4809
c177 
p8951
c711 
p7763
c11 c84 
p9472
c319 
p3506
c345 
p1726
c54 
p9991
c288 
p1165
c531 
p7536
c757 
p4742
c268 
p6494
c162 
p6270
c377 
p7443
c396 
p3346
c345 
p5833
c599 
p4383
c334 
p4378
c518 
p9014
c531 
p3860
c520 
p5901
c267 
p7237
c146 c538 c369 c722 
p7942
c675 c109 
p9237
c67 c519 
p9700
c775 
p1084
c62 
p2039
c207 c509 
p7364
c726 c492 
p5605
c536 c387 
p5219
c662 
p4609
c504 
p3061
c687 
p9801
c456 
p8893
c238 
p7515
c701 
p8207
c576 
p8535
c233 
p7111
c611 
p6614
c226 
p7868
c756 
p6643
c454 
p8399
c636 
p6805
c763 
p476
c709 
p1200
c312 
p9169
c360 c539 
p8315
c436 
p214
c230 
p44
c606 c429 
p173
c274 
p2191
c782 
p1213
c767 
p7785
c590 
p6548
c510 c117 
p9033
c256 c303 c329 c279 c570 
p3544
c33 
p736
c127 c6 c398 
p9704
c243 c8 c459 
p2410
c356 c760 
p665
c355 
p1955
c186 c143 
p6387
c778 
p6207
c286 
p8451
c404 
p6487
c582 
p3081
c374 c373 
p6456
c729 
p4074
c43 
p6342
c48 
p3013
c339 c512 
p6988
c284 
p1813
c599 c711 c671 
p7776
c378 
p9278
c46 c162 
p7258
c547 
p246
c383 
p6341
c296 
p1856
c762 c283 
p4193
c443 c466 
p8715
c474 
p3833
c442 
p1026
c399 
p2274
c268 c567 c748 c219 
p1020
c122 
p1566
c600 
p3832
c81 
p9502
c266 
p5216
c489 
p653
c645 
p2595
c551 
p4076
c176 
p969
c381 
p159
c28 
p8475
c449 
p2966
c554 
p1344
c461 
p8570
c332 
p1381
c367 
p2812
c231 
p8060
c51 c354 
p4392
c463 
p937
c393 c293 c730 c507 c632 c351 c235 c264 
p6348
c588 c237 c305 c473 c494 
p4088
c680 c790 c185 c704 c252 c460 
p7499
c313 c340 c615 c488 
p7107
c352 c163 c532 
p8789
c434 c119 c321 c540 
p7525
c360 c428 c527 
p9408
c559 c276 c196 c550 
p2899
c533 c784 c794 
p5953
c63 c457 c267 c763 
p960
c462 c123 c493 
p7768
c705 c331 c181 
p7721
c542 c101 c500 
p8287
c481 c770 c608 c309 c673 c467 c247 c135 
p3397
c12 c44 c227 c310 
p3341
c642 c598 c782 c572 
p5809
c221 c317 
p8117
c526 c268 c395 
p3403
c233 c27 
p1250
c258 c592 c56 c180 
p3598
c471 c39 
p839
c80 c16 
p4955
c177 c368 
p1363
c85 c761 c720 c220 
p6029
c261 c678 
p6157
c766 c277 
p6685
c290 c406 c385 
p247
c334 c169 
p1380
c405 c154 c659 
p8884
c210 c345 
p8456
c736 c76 
p6522
c270 c201 
p6947
c280 
p4046
c449 c341 c539 c239 
p6148
c287 c299 c337 
p81
c739 c718 
p6791
c524 c215 
p6286
c663 
p4301
c418 c652 
p3405
c505 
p5647
c350 c451 
p2962
c338 c781 
p7096
c751 c218 
p7698
c772 
p8058
c597 c737 
p7335
c707 
p97
c241 
p3107
c753 c301 
p8770
c328 c606 
p1618
c409 c563 
p4738
c620 
p442
c40 c228 
p4843
c700 c461 c755 
p136
c35 
p5957
c545 c657 
p3562
c732 c741 
p1993
c431 
p1339
c703 
p162
c375 
p7259
c320 
p4142
c259 
p85
c433 
p8473
c508 
p4641
c744 c98 
p8084
c263 
p2594
c61 
p8577
c285 
p1
c411 
p3909
c676 
p2787
c692 
p1359
c25 
p782
c304 
p7181
c725 
p6560
c689 
p3649
c639 
p1177
c142 
p7020
c358 
p2575
c37 c73 
p2126
c609 c17 
p3681
c104 
p2526
c731 
p1506
c282 
p1490
c426 
p4819
c470 
p4623
c254 
p6118
c366 
p5455
c698 c222 c464 
p690
c443 
p2616
c514 
p7474
c593 
p8403
c466 
p1594
c251 
p219
c567 c672 c158 
p9275
c265 c213 
p8178
c147 
p8077
c771 
p6493
c571 
p3682
c595 c380 
p5177
c475 
p6630
c423 
p2103
c575 c200 
p5154
c219 
p7846
c255 c295 c175 
p8234
c523 c573 
p609
c137 c452 
p865
c691 
p9903
c747 c95 
p354
c323 
p8667
c496 c88 c575 
p7323
c151 
p2238
c225 
p7651
c249 
p770
c634 
p80
c624 
p8571
c2 
p8526
c266 
p2185
c435 
p9735
c727 c407 c346 c289 
p8905
c627 
p2076
c480 
p4276
c349 
p7934
c690 c594 
p6244
c77 
p6468
c610 
p1036
c11 c81 
p7884
c476 
p7885
c66 
p5758
c756 
p9919
c469 c773 c414 c333 c799 c780 c463 c586 c709 
p2129
c554 c702 c92 c116 c2 c364 c89 c613 c655 
p7322
c485 c403 c501 c693 c408 c742 c564 c688 c308 
p1435
c416 c49 c213 c131 c283 c400 c669 c382 
p4848
c386 c667 c797 c141 c656 c764 c316 c619 
p7316
c144 c537 c478 c745 c273 c785 c70 c28 c590 
p2508
c568 c486 c492 c556 c52 c698 
p5666
c491 c297 c633 c665 c31 c363 c24 
p3331
c774 c240 c646 c670 c128 c622 c199 
p2498
c399 c701 c758 c348 c626 
p509
c417 c455 c776 c677 c672 c139 c226 c762 
p4368
c658 c165 c651 c621 
p2755
c78 c553 c65 c581 c712 c616 c629 
p8921
c432 c617 c429 c410 c464 
p4922
c1 c256 c160 c121 c674 c423 
p6287
c69 c134 c193 c242 c379 
p6629
c113 c162 c54 c244 c578 
p2892
c344 c497 c330 c696 
p7249
c353 c439 c140 
p9340
c640 c84 c565 c22 
p9760
c538 c625 c759 c195 c314 
p306
c53 c170 c167 c660 c757 
p4148
c47 c430 c202 
p8274
c208 c176 c750 
p7924
c650 c686 c362 c390 
p5680
c653 c91 c570 
p4666
c601 c288 c555 c722 
p3377
c200 c161 c361 c184 c713 c103 c327 
p2925
c637 c205 c90 c648 
p6091
c36 c107 
p3474
c234 c307 c145 c294 c197 
p8359
c789 c118 c603 c138 
p5337
c591 c178 
p9011
c499 c605 
p3020
c740 c191 
p6836
c3 c394 
p6412
c211 c217 c635 
p5392
c79 c4 c589 c315 
p5323
c549 c425 c602 c82 
p522
c765 c187 
p9740
c292 c11 
p5076
c332 c477 c354 
p7855
c198 c272 
p8860
c468 c322 
p3393
c793 c168 c150 c257 c487 
p5253
c746 c13 c376 c631 
p4766
c503 c336 c94 c636 
p9723
c279 c569 
p9880
c748 c41 
p6315
c133 c75 c164 
p436
c357 c388 
p3313
c643 c528 c543 
p1717
c711 c506 c204 c413 
p1088
c397 c511 c111 c752 
p5252
c638 c189 c546 
p5410
c335 c229 
p807
c579 c517 c548 
p8493
c136 c110 
p5299
c788 c779 
p8896
c125 c5 c516 
p1723
c743 c697 
p6496
c645 c29 c391 
p4774
c370 c371 
p267
c444 c450 c630 
p9294
c219 c60 
p5321
c34 c206 
p5262
c152 c324 
p4943
c7 c156 
p9088
c325 c515 
p9516
c68 c380 
p8582
c182 c482 
p8648
c795 c265 c97 
p6093
c124 c46 
p5145
c706 
p7975
c21 c518 
p3264
c557 c479 c32 
p2873
c695 
p1132
c566 
p8694
c155 c50 
p4463
c87 
p1832
c246 c269 
p8361
c266 c45 
p5164
c96 
p3957
c419 
p336
c236 c153 
p8705
c561 c438 
p249
c768 
p2969
c190 c521 c614 
p8926
c628 c55 c120 c618 
p5622
c303 
p2307
c102 
p1260
c275 
p6604
c112 c106 c15 c489 
p5649
c26 
p3113
c20 
p9908
c58 
p5186
c787 c311 
p5739
c401 
p2579
c214 
p9834
c604 
p4800
c647 c792 
p3892
c271 
p4996
c326 c587 
p4427
c132 
p1579
c347 
p7436
c105 
p6982
c541 
p9648
c483 
p1185
c223 c216 
p2475
c291 c64 
p4407
c724 
p890
c552 
p7168
c86 
p273
c194 
p8911
c668 
p4953
c558 
p9316
c716 
p2155
c560 c203 
p2169
c30 
p3238
c717 
p683
c502 
p9347
c666 c248 
p1759
c585 
p154
c42 
p2540
c186 
p5406
c146 
p3703
c159 
p3361
c148 
p2729
c424 
p245
c38 
p4009
c682 
p225
c498 
p9438
c402 
p4965
c719 
p3379
c683 
p8801
c318 
p605
c654 
p8330
c715 
p5903
c791 
p5871
c623 
p9139
c723 
p875
c57 
p1469
c577 
p7420
c224 
p7064
c453 
p3632
c454 
p3243
c664 
p8509
c306 
p6922
c472 
p4630
c83 
p9367
c129 
p8339
c232 c754 
p9077
c422 
p3145
c93 
p2325
c245 
p1427
c699 
p6525
c74 
p5165
c298 
p7549
c644 
p9115
c448 
p2223
c389 
p422
c0 
p5022
c611 
p2603
c544 
p9961
c710 
p1146
c23 c440 c551 
p3415
c10 
p7810
c115 
p58
c476 
p9469
c398 
p9788
c114 c690 
p1654
c571 c329 
p1039
c700 
p432
c172 c760 
p1309
c594 
p501
c545 
p3629
c17 
p425
c536 
p8649
c23 
p6188
c356 c611 
p460
c456 
p9720
c563 c777 c168 c539 c723 c19 
p8022
c683 c732 c681 c225 c433 
p7262
c514 c454 c580 c747 c504 c649 
p5297
c17 c584 c310 c173 
p2742
c122 c85 c536 c59 
p760
c456 c571 c449 
p8140
c699 c247 c606 c610 
p3075
c179 c426 c396 
p5361
c684 c551 c142 
p3716
c521 c369 c207 
p5157
c496 c424 
p797
c666 c16 
p579
c374 c373 c636 c490 
p9778
c673 c689 
p1539
c576 c641 c263 
p1498
c744 c786 c180 
p6796
c448 c309 
p2671
c266 c470 
p5415
c708 c296 
p7124
c186 c385 c487 
p7870
c474 c585 c135 
p5727
c592 c37 c392 
p467
c93 c249 c274 
p5545
c56 
p4403
c97 
p3444
c659 
p3885
c710 c631 
p3751
c671 c285 
p9041
c778 
p8978
c137 c100 
p7670
c519 
p7625
c562 c25 c531 
p8295
c43 
p2584
c45 
p3419
c171 c620 c694 c23 
p4011
c753 
p5128
c338 
p357
c83 c512 
p3040
c409 
p8387
c614 
p6596
c190 
p9867
c227 
p1774
c109 
p976
c761 
p4100
c323 
p7066
c95 
p3862
c775 
p2338
c577 c169 
p7972
c150 
p408
c286 
p9690
c367 
p5272
c290 
p2939
c48 c108 
p5401
c238 
p9897
c44 
p9412
c628 c130 c545 c51 
p7344
c498 
p5183
c597 
p2818
c55 
p6667
c703 c522 
p3374
c770 
p8160
c452 c320 
p8529
c754 
p4812
c246 
p116
c248 c339 
p8392
c407 
p8372
c458 c618 c583 
p7122
c64 
p4292
c148 
p7531
c442 
p9055
c341 
p9192
c120 
p5109
c67 
p2592
c251 
p7803
c284 
p6607
c81 c781 c467 
p900
c520 
p9022
c15 
p8627
c795 
p5280
c376 c422 
p2272
c62 
p4834
c489 
p6679
c282 
p8118
c719 
p1508
c147 
p4789
c510 c147 c298 c685 c194 c359 
p3524
c596 c526 c269 
p2198
c547 c767 c127 
p4231
c676 c421 c383 c724 c10 
p101
c528 c503 c98 
p2092
c643 
p8327
c796 c61 
p2388
c311 c459 
p3912
c431 
p1628
c543 
p2209
c153 
p4340
c787 
p7117
c444 
p5495
c502 
p6583
c395 
p9881
c197 c358 c552 c145 c478 
p3309
c188 c722 c28 c413 
p1476
c739 c783 c143 c736 c328 
p1794
c215 c530 c511 
p7649
c253 c146 c206 c462 c312 c692 
p7411
c70 c601 c509 
p293
c727 c204 c450 c234 
p8477
c258 c384 c88 c590 c257 
p4455
c540 c239 c301 c201 c505 
p6177
c594 c50 c307 
p8141
c152 c287 c687 c479 
p6908
c506 c624 c154 
p258
c458 c774 c734 
p5049
c158 c345 c741 c507 c236 
p7287
c735 c337 
p4281
c587 c123 
p52
c637 c149 
p7584
c302 c256 c252 
p148
c674 c66 
p4471
c356 c351 
p4600
c182 c90 c404 
p6395
c762 c40 c220 c0 c745 c441 c795 c628 
p6581
c346 c18 c529 c417 c80 c500 
p6326
c212 c493 c300 c411 
p2133
c632 c326 c57 
p633
c254 c13 c86 c315 
p8476
c555 c124 c159 
p9743
c375 c111 c798 
p5541
c255 c434 
p2486
c467 c34 c35 c677 
p8992
c33 c393 
p6714
c589 c196 
p6208
c267 c324 c230 
p5052
c460 c582 c703 
p1347
c515 c224 
p1624
c210 c465 c398 
p8280
c714 c680 
p9355
c785 c12 c250 
p28
c295 c583 c317 
p6832
c728 c144 
p290
c325 
p5207
c72 c21 
p4402
c544 c228 
p1536
c550 c397 
p1024
c705 
p3742
c595 c77 
p8216
c251 c139 
p2588
c670 
p3333
c205 
p7674
c270 
p8435
c63 c32 
p8184
c524 
p5105
c537 
p3276
c155 
p4775
c264 c422 
p275
c790 c199 
p3206
c622 
p1468
c4 
p8247
c646 c46 
p8090
c240 
p5368
c682 
p8731
c533 
p4999
c241 c760 c725 c484 
p3983
c293 
p6704
c620 
p8948
c457 
p7189
c560 
p4146
c214 
p5536
c222 c648 
p4853
c664 
p3628
c331 
p9695
c223 
p7599
c542 
p880
c203 
p6909
c243 c763 c443 
p3017
c160 
p3545
c502 
p2331
c472 
p4330
c634 c119 
p8818
c453 c39 
p806
c366 c789 
p4437
c603 
p1787
c471 c726 
p9
c67 
p1193
c248 c654 c713 
p6410
c327 c14 
p5657
c349 c644 
p2799
c161 c437 
p6817
c638 
p8298
c578 
p6520
c200 c446 c482 
p7641
c616 c306 
p5945
c776 c244 
p2004
c678 
p1595
c261 
p5754
c629 
p7175
c772 
p5291
c652 c481 
p727
c350 c102 
p4015
c766 c675 
p3669
c78 
p3090
c557 c355 c754 c128 
p1645
c361 c281 c423 
p8962
c553 
p5460
c546 
p5371
c103 
p7906
c189 
p1275
c162 c558 c549 c545 
p5865
c260 c574 c352 c639 c771 c192 
p1421
c163 c602 c378 
p8464
c167 c340 c67 
p9513
c600 c787 c792 c472 
p2213
c377 c418 c42 
p6067
c657 c660 c177 
p6693
c642 c570 c221 
p3867
c118 c332 
p9243
c265 c91 
p6840
c794 c615 
p287
c428 c235 
p9738
c604 c387 
p6253
c360 c525 
p6665
c211 c729 
p1855
c65 c368 c291 
p6092
c779 
p3552
c532 c115 c25 c461 
p8729
c23 c488 
p4478
c401 
p4984
c380 c185 
p8583
c79 c120 
p5918
c412 c280 
p7103
c335 
p5548
c567 c38 
p4284
c68 
p2382
c30 c282 
p1406
c26 
p508
c543 
p1669
c175 c203 c755 
p5038
c20 
p1256
c452 c313 c721 
p6648
c635 c219 
p150
c329 c523 c362 c427 
p6470
c612 c339 c84 c627 
p6645
c22 c160 
p1167
c341 c640 
p9012
c390 c718 
p5679
c765 c751 
p8352
c27 
p9276
c8 c419 
p3174
c494 
p3986
c592 c508 
p643
c233 c694 
p9390
c588 
p4549
c183 c292 
p2961
c480 c788 
p7206
c5 
p7042
c650 
p8989
c535 c768 
p2960
c542 
p378
c313 
p4696
c608 c153 c209 c471 c74 
p1351
c348 c273 c304 
p2002
c311 c151 c289 c321 
p1541
c198 c220 
p5811
c466 c733 c6 c402 
p6918
c561 c62 c1 
p8222
c796 c275 c430 
p9840
c712 c716 
p2910
c271 c355 c795 
p3458
c299 c141 
p903
c176 c784 
p5391
c438 c663 
p2583
c202 
p8748
c208 c268 
p5888
c764 
p5326
c758 c569 
p3653
c316 c512 
p958
c132 
p8202
c715 c181 
p139
c60 c386 
p8416
c347 
p5042
c656 
p353
c667 c40 
p9379
c371 
p9818
c541 c531 
p3710
c762 
p3043
c322 
p8074
c47 
p7790
c628 
p2420
c750 
p8675
c69 
p7152
c388 
p6890
c379 
p4094
c83 
p9654
c134 
p3088
c619 
p847
c279 
p7878
c407 
p5511
c565 c405 c760 c20 
p8073
c361 c395 
p5255
c725 c740 c169 c769 
p5400
c391 c516 c548 c662 
p6974
c554 c29 
p1028
c87 c720 c420 
p1919
c241 c579 c746 c477 
p5615
c655 c749 
p8549
c701 c517 c464 c389 
p691
c452 c613 
p398
c534 c282 c696 c112 
p5092
c165 
p9111
c136 
p6088
c621 
p5669
c483 
p704
c658 
p3100
c2 c782 c128 
p7603
c410 c229 c635 
p7502
c633 
p3034
c290 
p6403
c191 
p3727
c575 c577 
p3108
c89 c797 
p4367
c243 c447 c318 
p5685
c363 
p3395
c498 
p7800
c394 
p581
c706 c704 
p3386
c104 c272 c354 c698 
p5959
c313 c105 
p4382
c591 c522 c52 
p1561
c556 c444 
p3865
c7 c238 
p650
c125 c486 
p6385
c491 c773 c742 
p9246
c259 c214 
p7766
c431 c484 c695 
p4096
c564 c581 c323 
p4217
c126 c463 
p3576
c308 
p6186
c400 c791 
p8098
c117 c131 
p38
c416 
p2937
c315 c459 
p5989
c485 c719 c277 
p4187
c754 c756 c492 
p6734
c568 
p4754
c76 c96 
p8211
c543 c790 
p9378
c799 
p1239
c382 
p9207
c26 c103 c497 
p5637
c333 
p5532
c780 
p5354
c586 
p5355
c499 
p9193
c605 
p5636
c86 
p8826
c542 
p6841
c675 c741 c691 c63 c501 c18 c140 
p4959
c436 c677 c676 c305 c178 
p4914
c334 c441 c793 c699 c468 
p3864
c550 c11 c364 c182 
p6257
c630 c242 c697 c443 
p8614
c415 c440 c614 c668 c651 
p985
c94 c645 c750 c408 
p7818
c127 c203 c432 
p5525
c107 c58 
p2270
c3 c515 c653 
p9582
c93 c40 
p4413
c326 c61 c108 
p6147
c379 c403 c157 
p4576
c189 c90 c38 
p8857
c679 c748 c31 
p6510
c610 c317 c599 
p8356
c180 c766 c435 
p3389
c129 c34 c100 c475 
p447
c297 c10 c669 
p4273
c786 c89 c137 
p338
c537 c706 c222 
p6194
c572 c474 c518 
p5762
c75 c397 
p7394
c254 c294 c482 
p2159
c195 
p7730
c507 c330 
p5168
c331 c113 
p4613
c247 c213 c559 c721 
p3655
c611 c249 
p9799
c264 c422 c133 c502 c469 
p5612
c55 c439 
p4580
c505 c425 
p2556
c251 c2 
p6311
c781 c785 
p7296
c135 
p4846
c95 
p4485
c560 c606 c71 
p4705
c164 
p383
c625 
p924
c139 
p6585
c41 c274 c357 
p4202
c36 
p1419
c744 c619 c646 
p927
c383 c797 
p7192
c447 c201 c481 
p7793
c314 
p6751
c263 
p5023
c417 
p3704
c576 
p7000
c703 
p3409
c82 c470 
p7437
c109 
p975
c240 
p1712
c632 
p5766
c775 
p9888
c700 c540 
p4572
c585 
p8311
c768 
p221
c547 
p9784
c755 c460 
p179
c529 c634 
p6668
c682 
p4676
c350 
p6066
c597 
p5803
c306 c374 c320 
p2347
c345 c386 
p8061
c130 c778 
p3953
c286 
p5877
c616 
p6842
c83 
p9783
c789 c761 c618 c635 c593 
p1808
c116 c115 c414 c592 
p5155
c467 c787 c279 c688 c528 
p7877
c446 c229 c757 
p7551
c776 c361 c246 c365 
p6772
c579 c303 c366 
p8845
c743 c367 c200 
p3780
c344 c244 c788 
p3488
c392 c455 c756 c423 c470 
p5432
c605 c460 
p1930
c144 c527 c535 
p4361
c489 c508 c210 
p4635
c437 c759 
p2149
c205 c394 
p9879
c349 c503 
p4956
c171 c604 c187 
p24
c577 c266 c284 
p550
c298 c262 c745 
p615
c43 c597 
p764
c519 
p2016
c343 c498 c767 c83 c763 c174 c595 
p3999
c680 
p6384
c45 c217 
p1293
c546 c477 
p3212
c410 
p7389
c316 
p3057
c540 c583 c300 c500 
p6921
c589 
p6967
c376 c292 
p8834
c492 c520 
p9363
c620 
p9518
c111 
p8727
c512 
p4012
c411 c48 c106 
p1731
c457 
p8196
c629 
p124
c371 
p4135
c472 
p1054
c97 c218 c582 
p2397
c424 c657 
p6035
c497 c627 c245 
p8215
c758 c216 c114 
p1929
c660 c529 
p2460
c780 
p418
c736 
p6473
c92 c103 c670 
p1622
c230 c102 
p3788
c280 
p8660
c172 c496 c231 
p7719
c714 c257 c319 c421 c9 c751 
p7355
c504 c533 c375 c664 
p631
c406 c708 c713 c243 
p8059
c411 c343 c606 c575 
p3844
c567 c324 c673 c783 
p7164
c419 c711 c730 c770 c49 
p817
c407 c654 
p6989
c724 c148 c506 c370 c193 
p3479
c16 c763 
p4722
c261 c693 c624 
p1198
c557 c580 c283 c738 
p2177
c142 c48 
p9444
c514 c476 
p289
c8 c538 
p6023
c269 c219 c682 c156 
p825
c120 c296 
p5857
c176 c707 
p6156
c596 c383 
p2243
c775 c179 
p1732
c310 c684 
p9934
c566 c248 c648 
p2321
c753 c199 c661 c747 
p3160
c472 c564 
p4733
c15 c426 
p4066
c323 
p3589
c385 
p4939
c290 
p1638
c121 c247 
p2023
c765 
p8510
c689 
p2561
c175 c526 
p7396
c150 
p6917
c646 
p6746
c388 
p4773
c227 
p1321
c767 c393 
p2085
c585 
p9819
c147 c539 c480 
p7543
c510 c723 
p962
c790 c744 
p3690
c46 c183 c616 
p7577
c409 
p1001
c69 
p1485
c371 c32 c143 c588 c172 c325 c255 c87 c777 c573 
p4511
c264 c309 c735 c129 c767 c445 
p4045
c483 c300 c47 c109 
p572
c91 c35 c355 c132 c99 
p1255
c683 c728 c543 c447 c301 
p9771
c574 c400 c431 c81 c747 
p6872
c453 c541 c772 c457 c263 c338 c25 
p9866
c701 c393 c161 c352 c160 c247 
p4560
c479 c34 c731 c643 
p557
c130 c715 c392 c368 
p7791
c685 c360 c771 c86 
p5735
c481 c278 c516 c168 c425 
p7964
c388 c225 c442 c2 c532 
p2001
c500 c600 c66 c67 
p9153
c134 c287 
p5644
c64 c138 c252 
p4757
c363 c513 c380 
p1134
c499 c722 c100 
p5077
c709 c607 c359 c333 
p6775
c122 c212 
p6861
c208 c56 
p375
c634 c782 c449 
p3200
c484 c201 
p6061
c131 c650 
p2674
c291 c670 c24 
p2770
c448 c199 c101 c317 
p8875
c695 c239 
p7013
c57 c233 c53 
p3546
c351 c665 c106 
p2422
c181 c469 c458 
p6689
c401 c430 c583 c282 c542 c389 
p4117
c619 c396 c555 
p4020
c576 c221 
p5234
c426 c578 
p5039
c548 c726 
p9384
c33 c413 c652 
p6250
c112 c433 
p3501
c492 c190 c584 
p7219
c611 c649 c346 c231 
p4401
c128 c678 c399 
p8209
c671 c656 
p8250
c753 c521 
p1614
c700 c159 c258 
p9964
c124 
p3404
c563 c629 c477 
p835
c617 c294 c84 c622 
p8920
c207 
p1057
c594 c293 c391 
p3597
c185 c22 
p6388
c21 c659 
p2232
c50 
p5275
c778 
p2859
c275 
p1034
c123 
p7348
c271 c69 
p7431
c773 
p3508
c585 c280 
p6169
c96 
p716
c337 
p183
c638 
p1045
c760 c167 
p1456
c103 c560 
p3335
c674 
p4024
c45 
p7804
c357 c620 c547 
p3549
c639 
p4030
c322 c798 
p3456
c336 c717 c610 
p3911
c470 
p5443
c211 
p5850
c286 c774 
p5120
c175 c732 
p9779
c249 
p2662
c240 
p562
c154 c307 
p8458
c703 c339 c797 
p5054
c191 
p3225
c251 
p3943
c315 
p4680
c230 c228 
p2678
c559 c601 c502 
p3857
c537 c213 c188 
p2509
c70 c265 
p3776
c553 c690 c10 
p4350
c586 
p6529
c608 c553 c470 c52 c103 c535 c10 c88 
p213
c83 c219 c718 c417 c120 c222 c343 
p1528
c283 c113 c42 c7 c209 c223 c308 c570 c544 c22 
p5800
c525 c19 c779 c775 c780 c365 c490 c621 
p8545
c69 c696 c29 c676 c320 c616 c434 
p6708
c60 c644 c214 c72 c720 c787 c495 c253 
p2348
c299 c485 c595 c764 c288 
p5124
c581 c192 c307 c169 c216 
p2227
c691 c102 c198 c755 c459 
p1117
c347 c117 c642 c95 c580 c491 c378 c603 
p3209
c467 c508 c524 c646 c784 
p8810
c194 c745 c575 c568 
p3823
c110 c438 c488 c313 c127 
p7520
c183 c686 c177 c46 c298 c734 c270 c13 
p6626
c428 c612 c587 c179 c613 c475 
p2173
c464 c12 c175 c474 c684 
p6925
c547 c451 c737 c391 c1 c294 c273 
p5695
c289 c373 c217 c727 c379 
p5146
c323 c285 c766 c276 c206 
p1349
c586 c637 c357 c259 
p544
c498 c687 c706 c569 c711 c746 
p1620
c482 c272 c162 c774 c597 
p3354
c63 c623 c232 
p4058
c344 c594 c422 c762 
p2733
c798 c26 c625 c418 
p998
c531 c342 c279 c769 c84 c173 
p6821
c90 c566 c429 c306 c536 c493 
p1017
c666 c37 c554 
p8837
c220 c269 c758 c274 
p2204
c599 c61 c244 
p8411
c797 c277 c266 
p7447
c796 c170 c248 
p6116
c330 c59 c419 c296 c381 c725 c361 
p7165
c158 c166 c455 c140 c622 
p2125
c456 c73 c370 
p7289
c506 c235 c640 c461 
p3391
c436 c530 c382 
p7867
c202 c454 
p3115
c402 c520 
p2283
c390 c297 c185 c62 
p1841
c538 c195 c736 
p7283
c187 c411 c322 
p5055
c118 c564 
p4645
c121 c529 c790 c732 c645 
p5483
c765 c700 c354 
p5573
c151 c699 c689 
p6104
c41 c577 
p8172
c653 c660 c369 
p6283
c667 c794 c527 
p7375
c27 c558 c0 
p6939
c178 c450 
p9733
c156 c405 c15 
p3619
c228 c154 c157 c180 
p8461
c94 c197 
p8037
c416 c698 
p9104
c408 c494 
p3522
c358 c82 
p7743
c534 c404 c315 c182 
p2737
c267 c688 c75 c678 
p612
c165 c230 
p8374
c92 c602 c260 
p560
c478 
p9480
c204 c78 
p4294
c473 c561 
p8046
c486 
p3464
c364 c507 
p3956
c144 
p9273
c692 c682 
p6916
c11 c39 
p3551
c740 
p5304
c350 c305 
p9216
c43 c518 c159 
p7169
c427 c256 
p8575
c348 c241 
p6712
c515 
p1205
c526 c707 
p5193
c604 
p918
c227 c89 
p4542
c633 
p9849
c397 
p7270
c141 
p3515
c234 
p1259
c215 
p1923
c677 c522 
p7993
c145 c249 
p2485
c552 
p1925
c171 c105 
p6144
c353 c23 
p3605
c205 
p1497
c620 c377 
p7197
c8 c191 c203 c519 
p19
c386 c80 
p4002
c614 
p3882
c45 c556 c694 c742 
p2007
c409 c65 c331 c98 
p5825
c517 c5 c446 c51 
p435
c55 c167 
p5931
c163 c236 c760 
p2315
c462 c783 c114 
p2909
c589 c673 c545 
p510
c20 c596 
p9489
c337 
p6420
c142 c302 c641 
p3106
c757 c362 
p6440
c324 c750 
p79
c537 
p2062
c413 
p1391
c147 c791 c250 c733 c332 c174 
p3566
c115 c387 c280 c224 c675 
p5569
c54 c709 c104 c108 c316 c33 
p3147
c761 c440 c4 c85 
p4900
c383 c638 c48 c261 c786 
p387
c607 c439 c512 c395 c674 
p3158
c670 c528 
p2228
c359 c785 
p2723
c789 c465 c679 
p9932
c572 c505 c634 
p8450
c237 c514 
p2174
c339 c697 
p3997
c555 c443 c168 c658 c246 
p8514
c754 c677 
p6544
c31 c188 
p5329
c652 c624 c748 
p7524
c139 c176 c231 
p6161
c656 
p9659
c205 c649 c107 
p8567
c356 c562 c225 
p4565
c452 c23 c164 
p1927
c125 c389 c713 
p3453
c136 c753 c388 c669 
p7703
c191 c86 
p7620
c509 c213 c123 
p6281
c430 c155 c496 c3 
p4358
c401 c521 c314 
p7082
c77 c771 
p8674
c340 c510 
p7542
c748 c93 c532 
p9945
c2 
p2459
c620 c663 c757 c460 
p6383
c540 c563 c772 c329 
p2164
c348 c133 c76 c16 c263 c420 
p9956
c729 c702 c406 c555 c265 
p265
c726 c324 c551 c24 
p2762
c43 c168 
p9224
c25 c610 
p4
c424 c571 
p192
c349 c374 
p5726
c708 c101 
p7638
c14 c142 c582 
p5966
c412 c302 c218 c184 
p2402
c171 c317 
p482
c351 
p77
c579 
p5202
c605 
p9519
c639 
p6778
c321 c681 c677 
p5980
c654 c189 
p7944
c21 c782 c795 
p8547
c659 
p6562
c468 c747 c640 c393 c751 c247 
p2197
c635 c325 c523 c513 c722 c267 c427 
p6889
c795 c221 c690 c44 c697 c793 c476 
p3339
c350 c246 c257 c660 
p8537
c560 c687 c391 c32 c199 
p1398
c291 c435 c677 c588 
p2154
c600 c59 c716 c662 
p1823
c723 c683 c731 
p5630
c682 c503 c310 c463 c339 
p4082
c281 c62 c106 c542 c96 c516 
p9577
c447 c598 c345 c185 
p3189
c333 c200 c699 c155 c778 
p3480
c297 c346 c593 c680 c567 
p7260
c650 c653 c90 
p5358
c141 c671 c609 c748 c229 c710 
p2225
c689 c34 c407 
p8067
c692 c5 c124 c295 c105 
p4458
c57 c750 
p2310
c500 c163 c439 c149 
p2911
c725 c717 c489 c584 
p810
c100 c305 c526 
p9119
c196 c624 c50 
p5182
c176 c788 c380 
p5639
c87 c752 
p1186
c446 c522 c480 
p8004
c294 c146 
p8511
c36 c337 c153 c152 c394 c442 
p6892
c643 c591 
p6266
c741 c537 c390 c138 
p7684
c543 c622 c626 c306 c3 c606 
p4709
c131 c97 c783 
p9150
c550 c479 
p7530
c506 c312 
p4724
c201 c743 c512 
p6606
c569 c160 
p54
c695 c398 
p5437
c413 c161 c629 
p3079
c701 c705 
p2895
c672 c737 c511 
p9865
c67 c639 
p3451
c363 c674 c292 c799 
p686
c457 c186 c386 c296 
p5306
c377 c728 c782 
p1706
c75 
p8089
c632 c518 c769 c768 
p9975
c114 c252 
p8176
c236 c498 c112 
p1214
c659 c559 
p5256
c493 c93 c49 c664 
p8138
c531 c471 
p5507
c419 c501 
p457
c116 c566 c335 
p6923
c368 
p2936
c651 c437 
p7131
c715 
p5795
c303 c352 
p6742
c647 c431 
p2932
c576 
p9335
c143 c514 c648 c466 c605 
p8996
c21 c392 c264 c79 c730 
p4335
c401 c262 c673 c656 c366 
p3648
c287 c631 c431 
p8505
c14 c150 c208 
p4079
c40 c641 c47 c319 
p5564
c211 c212 
p618
c418 c688 c134 
p6512
c706 c515 c707 
p4620
c56 c721 c589 
p8491
c740 c301 
p9320
c65 c541 c148 
p6553
c340 c458 
p2049
c207 c711 
p5927
c215 c578 
p7522
c538 c109 c492 c290 
p3443
c195 
p675
c773 
p9419
c426 c128 
p4919
c633 
p1159
c483 
p9951
c181 c327 
p7125
c303 c497 c579 
p3656
c487 c355 
p4598
c132 c279 
p4023
c557 c91 
p5137
c165 c151 c172 c441 
p9151
c171 c144 c311 c167 c421 
p9120
c787 c17 
p3660
c592 c700 c403 
p9043
c790 c789 
p536
c450 c477 
p859
c371 c230 
p3790
c28 c502 c552 
p2682
c233 c352 c248 
p3291
c156 c583 c765 
p8870
c298 c31 
p2401
c655 c269 c321 c679 c433 
p8288
c510 c561 c129 
p11
c678 c686 
p4151
c253 c596 c630 
p9202
c8 c496 c170 
p763
c625 c644 
p9410
c214 
p5072
c777 c465 c91 c53 c292 
p2107
c382 c792 c785 
p1155
c566 c309 
p381
c180 c399 c674 c429 
p7185
c582 c451 c154 c665 
p8366
c637 
p2458
c177 c275 c786 c119 
p2541
c158 c204 c530 
p5369
c586 
p1701
c363 
p2063
c426 
p7711
c495 c685 c140 c776 c314 c347 c797 c9 
p7055
c30 c642 c55 c461 c60 
p4037
c206 c374 c738 
p5696
c719 c734 c191 c323 
p7983
c378 c2 
p4539
c766 
p6934
c455 c373 c112 
p5058
c681 c276 c300 c202 
p8467
c658 c64 c769 c35 c336 
p2916
c351 
p99
c402 
p9302
c120 c379 c634 c357 c585 
p689
c58 c226 c664 c266 
p9204
c271 c739 c572 c402 c483 c521 
p4869
c6 c362 c761 c107 c709 
p1796
c497 c652 c222 c245 
p266
c760 c290 c782 c26 
p9096
c317 c83 c122 
p471
c388 c228 c304 
p2224
c669 c1 c638 
p7457
c354 c604 c331 c672 c614 c548 c491 
p174
c205 c375 
p5861
c70 c316 
p664
c651 c315 
p6143
c557 c486 
p8000
c517 c178 c419 
p8316
c758 c136 
p3777
c18 c410 c417 
p2261
c118 c322 
p2326
c249 c644 
p2632
c109 
p5967
c520 c607 c125 c438 c434 c190 c259 c727 c242 
p6859
c551 c93 c38 c39 
p9008
c11 c676 c437 
p8684
c696 c370 c657 c384 
p7213
c74 c225 c203 
p6461
c525 c763 c37 c409 
p3537
c627 c424 
p7895
c414 c121 c272 
p1379
c29 
p4327
c780 c220 
p529
c623 c360 c277 
p4207
c519 c320 
p373
c494 c296 c726 
p3117
c231 c779 
p4669
c456 c359 c86 c386 c601 
p5339
c313 c408 
p2878
c69 c330 c713 
p8205
c488 
p8725
c786 c621 
p1374
c51 c275 c571 c425 
p6789
c108 c478 c457 c772 c554 c255 
p7318
c575 c109 c273 c704 
p9514
c285 c564 c474 
p8521
c127 c639 c175 
p4342
c27 
p8390
c764 c538 
p6020
c213 c481 c448 
p2612
c123 
p2292
c197 
p1060
c540 c89 
p1818
c244 c799 
p3074
c22 c8 c132 c615 c442 
p6700
c5 c771 c232 c428 c258 
p8164
c364 c602 c188 c464 
p6747
c692 c755 c781 c754 c684 c422 
p4001
c361 c338 c198 c475 
p9958
c544 c229 c632 c192 c455 c659 
p4240
c410 c633 c179 c119 c618 c341 
p1235
c216 c411 c603 c610 
p6538
c613 c797 c736 c636 
p9483
c396 c580 c492 c685 
p8264
c61 c762 c508 
p4044
c283 c509 c52 c568 c691 
p9260
c103 c72 c718 
p3890
c579 c140 c646 c324 
p7009
c532 c88 c666 c556 c182 c289 c501 c124 c293 
p7357
c308 c138 c694 
p899
c18 c54 c209 c318 c467 c524 c735 
p8700
c10 c745 
p5923
c162 c92 c394 
p9109
c596 c66 c559 
p5718
c791 c416 
p4337
c504 c390 c459 c484 c282 c703 
p3940
c573 c337 c381 c495 
p7503
c693 c695 
p7251
c217 c141 
p36
c783 c112 c234 
p9158
c537 c440 c173 
p1878
c367 c307 
p2051
c595 c235 c260 
p6575
c7 
p6106
c96 
p4461
c577 
p4535
c347 
p1350
c553 c94 
p2710
c41 c187 
p6567
c114 c118 c717 c328 c25 c20 
p9666
c629 c117 c46 c113 
p6657
c748 c456 
p984
c275 c342 c400 c323 
p8343
c250 c178 
p6364
c489 c485 c223 
p7896
c104 c584 
p3559
c413 c358 
p7914
c419 
p8811
c153 c540 c204 
p4950
c543 c314 
p4389
c68 c2 c701 c482 c3 c176 
p5475
c553 c334 c412 c420 c23 c159 c743 
p651
c35 c733 c344 c322 c76 
p8478
c295 c655 c529 c214 c161 c331 
p6828
c139 c65 c563 c363 c321 c265 
p189
c495 c600 c463 c686 c705 
p4238
c183 c244 c59 c238 c732 c73 
p9848
c186 c56 c662 c330 
p1264
c195 c36 c147 c378 c711 
p4070
c335 c94 c473 c766 c112 
p6180
c799 c319 c86 c166 c619 
p6707
c42 c130 c526 
p5108
c204 c609 c398 c135 c470 c374 
p3387
c168 c614 c542 c502 
p5704
c608 c404 c99 c788 c100 
p2942
c96 c160 c534 
p9688
c543 c207 c670 c116 c654 
p4143
c63 c728 c574 c380 
p8551
c539 c764 c794 
p7267
c405 c570 c621 
p3978
c499 c104 c682 
p9409
c376 c449 c460 
p8277
c16 c332 
p2330
c425 c97 c541 c78 
p6015
c620 c767 c612 c742 
p6397
c301 c749 c769 c110 
p5517
c527 c320 c356 
p3531
c305 c530 
p3137
c354 c597 
p9997
c712 c528 c69 
p706
c310 c280 
p5836
c746 c448 c489 
p9749
c75 
p5771
c45 c71 c783 
p7735
c337 c251 c589 
p8338
c224 c129 
p925
c552 
p6874
c561 
p6482
c102 c740 
p697
c347 c601 
p9333
c479 
p8981
c307 
p7507
c351 
p7597
c227 c753 c345 
p4345
c368 
p2953
c213 c7 
p8986
c223 c360 
p4711
c123 
p4010
c413 c587 
p9676
c616 c703 c444 c461 c243 c237 c440 c493 c454 
p9898
c525 c581 c296 c536 c383 
p9196
c143 c80 c133 c537 
p4532
c491 c784 c158 c298 c261 
p8548
c484 c641 c284 c469 
p8805
c377 c488 c384 
p1848
c774 c286 c657 c174 
p7481
c202 c540 c447 c426 
p5848
c740 c163 c679 
p723
c714 c731 c272 
p7602
c416 c340 
p8539
c625 c121 c550 
p7012
c417 c577 c185 
p3985
c571 c256 c605 
p8180
c253 c31 
p1906
c353 c390 
p5801
c477 c584 c586 
p5413
c230 c547 
p9449
c47 c578 
p3959
c263 c38 c142 c54 c443 c798 c164 c187 
p6961
c672 c82 c775 c13 c719 c468 c535 c768 
p2983
c532 c137 c370 c395 c522 c81 
p1263
c467 c627 c424 c595 c235 c240 c393 
p7280
c360 c631 c573 c666 c594 c101 
p8248
c459 c501 c249 c347 c649 c687 c531 
p6834
c355 c734 c115 c297 c458 
p5860
c640 c299 c15 c292 c644 
p8783
c282 c432 c567 c287 c234 c505 c191 c375 c303 c622 
p6423
c650 c523 c726 c189 
p6123
c588 c745 c516 
p4769
c293 c668 c7 c366 
p355
c269 c720 c677 
p8308
c589 c689 c77 
p2108
c274 c219 c323 c381 c524 
p8005
c410 c346 c790 
p4612
c695 c105 c721 c590 c791 
p3067
c747 c587 
p55
c716 c391 c153 
p7489
c763 c683 c419 
p6224
c770 c53 c485 
p8244
c681 c737 c435 
p1703
c351 c656 c129 
p9435
c201 c758 
p7159
c24 c429 c349 c337 c759 
p4801
c325 
p5133
c673 
p7016
c562 c779 
p1287
c348 c633 
p1844
c512 c653 
p8565
c401 c85 
p8953
c789 
p7784
c124 
p9875
c503 c267 
p6513
c397 c635 
p4141
c93 c782 c218 
p82
c62 c517 c200 c314 c515 c451 
p703
c336 c87 c239 
p4354
c182 c368 
p6739
c213 c220 
p846
c665 c313 c194 
p3785
c206 c659 
p6625
c782 c699 
p7742
c643 
p7681
c431 c333 c632 c268 c514 
p2473
c208 
p311
c486 
p1269
c0 c27 
p5986
c197 
p9927
c706 c388 
p8707
c626 c294 c253 c533 c387 c250 
p9334
c765 c722 c418 
p4932
c341 c44 c91 c497 
p943
c773 c453 c215 c67 c389 
p8014
c528 c623 
p5812
c437 c69 c34 c680 
p4369
c660 c247 
p8165
c222 c678 c638 
p7553
c406 c776 c748 c698 
p1241
c350 c635 c793 
p7314
c245 c47 c586 c55 c157 
p9852
c555 c624 c513 c26 
p6674
c479 c31 
p6938
c180 c339 c750 c544 
p4585
c173 c769 c28 
p7861
c45 c386 c196 c476 
p7248
c140 c51 c342 c257 
p3350
c217 c32 c742 
p9291
c795 c315 c450 c127 c456 
p6996
c675 c585 
p2267
c90 c579 
p1534
c357 c233 
p4803
c205 c392 
p843
c228 c21 
p6710
c767 c50 c408 c652 
p8790
c646 
p1314
c1 c586 c52 c17 c162 c49 
p9995
c562 c16 c604 c236 c172 c180 
p6405
c484 c778 c628 c19 c324 c98 c622 c514 
p7047
c752 c483 c607 c332 c772 c620 c349 c367 
p5742
c83 c316 c111 c688 c520 c787 c181 
p6911
c303 c544 c419 c476 c656 
p7346
c697 c676 c394 c613 c611 
p3764
c93 c433 c104 c521 c466 
p6129
c145 c139 c760 c759 c224 c592 c327 c128 c369 c767 
p717
c683 c551 c89 c557 c724 c156 
p2
c10 c28 c438 c481 c64 c371 c577 c669 c173 c560 
p2246
c114 c397 c647 c41 c403 c352 c519 
p7869
c574 c452 c749 c417 c11 
p3375
c61 c505 c29 c593 
p6877
c779 c154 c744 c504 c445 
p613
c157 c408 c321 c252 
p9020
c266 c47 c485 c430 c119 
p1572
c110 c289 c353 c554 c167 
p9576
c191 c462 c63 c707 c291 
p788
c423 c605 c108 c144 
p6960
c287 c282 c780 c92 c204 
p5366
c190 c543 c568 
p5523
c390 c709 
p6835
c118 c229 c751 c306 c538 
p388
c625 c328 c50 c326 
p3030
c169 c572 
p5689
c674 c70 c270 
p2639
c737 c598 c591 
p8841
c275 c363 c122 c131 
p9122
c107 c102 
p4099
c307 c736 c407 
p1729
c126 c337 c207 c436 
p3949
c500 c596 c116 
p4234
c474 c510 
p4898
c37 c783 c103 c302 
p321
c691 c490 c135 
p9981
c606 c664 c645 
p456
c226 c246 c718 c385 c359 
p9180
c434 c329 c14 
p2070
c470 c375 
p1420
c179 c24 
p2176
c566 c146 c670 c388 
p4153
c264 c171 c66 
p4417
c636 c725 
p9336
c435 c25 
p6377
c761 
p3705
c185 c151 c398 c507 c769 c285 c197 c175 c320 c571 
p3360
c654 
p238
c637 
p854
c792 c123 
p6
c715 c165 c276 
p8409
c646 c693 
p3355
c48 c65 
p8508
c789 
p155
c633 
p5907
c366 c655 c288 
p5642
c120 c663 c529 
p9059
c569 c22 c442 c20 c129 
p114
c757 c258 c457 
p9780
c684 c696 
p8693
c308 c43 
p981
c230 c692 c343 
p6246
c608 c548 
p9686
c225 c486 
p4189
c7 c750 c351 
p9669
c639 c280 
p5583
c218 c706 c708 c281 c76 c511 c498 c755 c477 c578 
p2623
c232 c689 c40 c712 
p6416
c290 c754 c123 c57 
p8552
c601 c713 c301 c279 c508 c734 
p3817
c518 c636 c355 c192 c350 c171 
p785
c374 c391 c373 c610 c149 c148 c667 c681 c364 
p5876
c21 c487 c333 c245 c400 c386 c796 c5 
p823
c411 c339 c729 c733 c730 c648 c362 c618 
p6215
c216 c309 
p5208
c612 c662 c402 
p836
c503 c693 c320 c725 c338 
p1169
c396 c141 c311 
p1415
c212 c492 c581 c214 
p8738
c84 c614 c506 
p1098
c479 c425 
p6849
c567 c322 c106 
p6409
c297 c197 
p1778
c464 c439 
p2693
c198 
p9069
c95 c475 
p4214
c415 c155 c56 
p9499
c78 c382 c210 c694 
p9974
c589 
p8119
c789 
p5701
c639 c453 c265 c202 c138 
p5309
c789 c78 c624 
p1082
c150 c564 c629 
p3557
c717 c344 c747 
p2548
c781 c99 c87 
p9960
c509 c331 c461 
p6267
c409 c382 c359 c389 c527 
p4634
c746 c513 c67 c186 c361 
p2948
c100 c105 c267 
p8984
c203 c168 c74 c561 c237 
p9968
c552 c58 c325 
p6166
c542 c323 c234 
p4505
c695 
p4855
c113 c165 
p6898
c271 c440 c388 
p4083
c60 c493 c71 c163 
p2483
c773 
p6543
c147 c690 c62 c214 c251 c515 c759 c774 c96 c369 
p2066
c412 c379 c383 c460 c751 c670 c496 c468 c295 
p6432
c338 c283 c486 c449 c595 c118 c587 c356 c55 c85 
p6615
c726 c260 c793 c405 c177 c279 c487 c35 c708 c570 
p7434
c671 c197 c533 c255 c596 c337 c268 c73 c326 
p2406
c175 c775 c679 c657 c693 c130 c135 c48 c140 c788 
p4201
c650 c334 c508 c262 c553 c459 c79 c124 c403 c330 
p437
c758 c120 c71 c437 c479 c263 c473 c569 c635 
p1329
c653 c274 c70 c442 c668 c563 c380 c738 c440 
p4731
c661 c666 c475 c401 c219 c687 c529 c286 c745 
p5886
c776 c258 c148 c721 c436 c363 c455 c360 
p5447
c583 c192 c410 c300 c277 c9 c414 c621 c794 c625 
p3447
c447 c194 c740 c513 c27 c512 c186 c271 c272 c443 
p2212
c196 c362 c766 c422 c646 c598 c114 c127 c90 c199 
p8057
c33 c51 c688 c441 c730 c610 c606 
p1328
c318 c56 c370 c316 c567 c782 
p3925
c278 c126 c210 c351 c732 c456 c722 c407 c716 c673 
p7493
c737 c796 c92 c644 c69 c748 
p7174
c602 c375 c647 c312 c254 c46 c755 c228 c59 
p9967
c509 c195 c301 c538 c527 c328 c640 c784 
p4064
c323 c331 c398 c685 c225 c627 c34 c715 
p9618
c188 c704 c66 c500 c141 c297 c68 c164 
p5227
c750 c543 c88 c54 c41 c36 c632 
p5629
c616 c769 c648 c131 c584 
p6338
c381 c346 c592 c434 c694 c566 c502 c342 
p7902
c797 c536 c4 c753 c510 c736 c389 c565 c511 
p2999
c760 c630 c633 c94 
p3525
c404 c163 c448 c3 
p5134
c122 c416 c234 c76 
p9227
c187 c129 c713 c692 c350 
p3638
c106 c320 c165 c787 
p490
c42 c44 c623 c168 c575 c24 c665 
p7459
c537 c340 c682 c152 c382 
p2324
c215 c768 c10 c720 c161 
p7752
c491 c518 c307 c733 
p2558
c615 c393 c526 c327 c477 
p1390
c72 c699 c38 c669 c431 
p7441
c439 c391 c761 
p7386
c523 c294 c535 c785 
p5778
c293 c578 c522 c719 c579 
p5203
c31 c471 c698 c792 
p4075
c503 c472 c233 c355 c619 c767 c80 c450 
p5763
c143 c549 c259 c60 
p8687
c341 c734 c426 c706 
p2244
c770 c516 c421 c343 
p5992
c494 c185 c91 
p4297
c589 c799 c5 c493 c103 c292 c678 
p3109
c418 c322 c499 
p9892
c756 c757 c275 c492 c313 c741 c795 
p3211
c555 c489 c257 c641 
p8578
c365 c354 c8 c539 
p7400
c22 c335 c244 c357 c576 
p4466
c614 c204 c411 c82 c181 c111 
p7303
c220 c159 c463 
p9242
c601 c438 c501 c731 
p2761
c345 c580 
p8807
c783 c451 c681 
p4491
c179 c559 c773 
p6899
c420 c659 c506 c638 
p6605
c339 c798 c705 
p131
c319 c102 c256 
p8082
c364 c428 
p8381
c525 c205 c190 
p7618
c207 c388 c189 c743 
p9664
c507 c765 
p1876
c239 c626 c680 c149 c50 
p4799
c465 c377 c790 c531 
p5847
c183 c723 
p3550
c588 
p4035
c399 c299 c454 
p6698
c660 
p8145
c488 
p8378
c247 c116 
p444
c474 
p3080
c394 c637 c735 
p5672
c611 c540 c74 c117 
p9850
c613 
p6203
c231 c291 c614 c506 c747 c346 c57 c371 c259 
p4098
c202 c555 c436 c97 c307 c479 c114 c32 c156 c462 
p3935
c112 c20 c534 c373 c238 c655 c309 c639 c606 
p7959
c476 c256 c388 c789 c507 c148 c749 c243 
p944
c232 c218 c111 c575 c435 c361 c144 c562 c528 c191 
p8847
c80 c484 c287 c601 c696 c458 c145 c719 
p7368
c292 c7 c110 c157 c193 c212 c610 c395 
p5360
c467 c629 c160 c738 c729 c662 c306 c545 
p5706
c732 c564 c254 c474 c592 c560 c532 
p9691
c121 c6 c675 c626 c713 c364 c750 c746 
p4232
c355 c127 c742 c53 c526 c196 c162 c646 
p2642
c65 c485 c314 c755 c335 c138 c125 
p4328
c593 c21 c339 c93 c290 c466 c658 c167 
p8428
c240 c415 c771 c434 c778 c407 c776 c74 c61 c250 
p7272
c563 c544 c471 c617 c272 c303 
p7749
c539 c602 c126 c336 c84 c137 
p7510
c490 c607 c724 c550 c694 
p7329
c638 c756 c689 c674 c408 c698 
p6765
c201 c281 c27 c123 c580 c374 
p6413
c275 c777 c475 c699 c600 c244 
p2977
c72 c631 c645 c482 c30 c299 c754 
p6910
c519 c99 c312 c133 c115 
p4829
c282 c75 c548 c491 c779 c710 
p5265
c739 c22 c329 c385 c313 c29 c392 c478 
p523
c642 c142 c105 c424 
p1521
c541 c350 c520 c289 
p3282
c744 c709 c210 c17 c280 c203 
p4137
c514 c368 c146 c733 c718 
p2989
c322 c649 c3 c763 c342 
p1091
c473 c504 c149 c171 c311 c2 c37 c497 
p1807
c423 c579 c691 c180 c360 c90 
p5720
c173 c741 c672 c163 c41 c664 c695 
p191
c505 c151 c319 c42 c577 
p6968
c317 c88 c628 c357 c25 c791 
p392
c743 c352 c217 
p6460
c643 c669 c347 
p1223
c558 c792 c686 c457 
p1738
c263 c518 c678 c429 c574 
p474
c315 c77 c605 c104 c226 c757 
p2414
c677 c498 c707 
p6740
c252 c503 c589 c98 c795 
p7421
c622 c63 c154 c590 
p1651
c443 c421 c619 c495 
p1022
c246 c83 c556 c636 c531 c58 c358 c489 
p5940
c67 c325 c362 
p7956
c305 c239 c257 
p6946
c89 c28 c447 c418 
p939
c375 c540 c483 
p8720
c666 c535 c24 
p983
c703 c345 c683 
p5799
c427 c31 c573 
p1633
c60 c332 
p2268
c237 c752 c603 c258 c766 
p6540
c353 c437 c49 c620 c308 c543 
p4558
c153 c11 c492 
p2781
c684 c40 
p8294
c107 c586 
p3972
c70 c524 c270 
p2831
c454 c653 c790 c399 
p1963
c501 c654 
p5814
c585 c182 
p7727
c102 c242 
p4370
c521 c81 c200 
p4091
c613 c417 
p2021
c100 c269 c204 
p5362
c266 c673 
p8559
c477 c14 c253 c772 c452 
p5427
c59 c132 
p9434
c179 c351 
p787
c205 c431 c652 
p4704
c233 c101 
p4684
c294 c120 
p4985
c419 
p4364
c8 c701 
p3937
c765 
p5533
c389 c295 c644 c378 c734 c103 c120 c692 c0 c66 
p7821
c445 c262 c68 c341 c209 c370 c349 
p5648
c18 c496 c130 c241 c398 c720 c641 
p6563
c679 c387 c9 c588 c384 c323 
p5834
c553 c637 c340 c456 c118 
p6329
c451 c117 c135 c530 c426 
p7797
c410 c525 c615 c411 c717 c165 
p9258
c442 c640 c688 c16 c621 
p8534
c383 c132 c412 c470 c255 
p3761
c15 c612 c141 c623 c797 
p625
c222 c273 c185 c459 
p8777
c10 c333 c753 c172 c296 
p881
c446 c477 c181 c764 c86 c422 c279 c166 
p6107
c402 c416 c81 
p3644
c516 c328 c781 c297 c302 
p709
c59 c219 c536 c139 
p973
c348 c390 c609 c748 c376 c448 c184 
p2578
c409 c762 c235 c759 c582 
p9636
c96 c213 c14 c511 c690 
p4494
c508 c701 c264 
p4925
c463 c569 c751 
p5543
c152 c736 c87 
p3471
c705 c798 c769 c379 
p7828
c420 c449 c486 c595 
p9731
c215 c425 c783 
p8232
c320 c155 c168 c79 c140 c124 
p1386
c394 c56 c608 
p5902
c537 c351 c216 c715 c469 
p738
c513 c547 c225 
p606
c249 c69 c245 c234 
p5357
c758 c271 c616 c95 c38 c533 
p201
c401 c44 c164 
p2670
c785 c527 c668 c432 c13 
p2872
c363 c175 c515 
p4173
c765 c197 c450 c206 
p3969
c143 c337 c367 
p5441
c372 c52 c568 c570 c134 
p8185
c796 c50 c381 c190 
p7573
c343 c760 c200 
p62
c581 c188 c566 c770 
p87
c109 c468 
p7356
c324 c627 
p8924
c205 c726 
p8646
c634 c5 c464 c260 
p9337
c403 c731 c136 c321 c433 
p9980
c131 c488 
p466
c794 c697 
p2205
c269 c4 c761 
p1986
c697 c441 c301 c460 c782 c543 
p8038
c308 
p9959
c786 c252 c594 c521 c616 c385 c477 c714 c41 
p4893
c727 c537 c485 c199 c138 c242 c285 c680 c227 c280 
p3056
c334 c776 c746 c433 c547 c671 c662 c292 c646 c224 
p7901
c12 c293 c366 c380 c742 c17 c443 c405 c603 c769 
p2467
c96 c356 c163 c200 c430 c498 c359 c772 
p6378
c110 c795 c737 c329 c357 c587 c91 
p6407
c684 c372 c230 c770 c406 c122 c740 
p3467
c237 c143 c79 c653 c286 c109 c267 
p2093
c179 c60 c601 c755 c62 c548 
p9759
c748 c648 c525 c283 c22 c261 c697 
p2404
c217 c355 c551 c438 c413 c214 c589 
p971
c732 c311 c14 c83 c790 c651 c504 
p6621
c253 c46 c328 c481 c240 c84 c205 c119 c497 
p4280
c627 c492 c511 c584 c76 c353 c43 c643 
p6914
c439 c721 c94 c657 c709 c472 c358 
p6518
c425 c175 c545 c560 c52 c784 c676 c670 c568 
p6154
c11 c64 c248 c489 c258 c236 c735 
p1626
c710 c396 c162 c6 c183 
p2919
c785 c515 c478 c73 c35 c468 
p1226
c233 c276 c51 c326 c705 c711 c284 c527 c699 
p1744
c392 c7 c666 c301 c432 c495 c457 
p1617
c266 c453 c49 c298 c738 c249 c444 
p2384
c390 c305 c695 c168 c628 c633 
p25
c635 c28 c74 c275 
p8412
c682 c794 c386 c39 c437 c446 
p9940
c75 c474 c424 c160 c330 
p9161
c782 c434 c363 c602 c220 c543 c210 
p3875
c331 c216 c634 c629 
p9653
c260 c467 c526 
p2656
c368 c660 c726 c707 c597 c102 c161 c673 
p9013
c347 c729 c600 c730 
p9445
c124 c212 c5 c798 c625 
p9162
c793 c244 c2 c787 
p8427
c288 c50 c523 c165 c270 c558 c636 
p8332
c659 c40 c121 c166 
p7667
c531 c608 c642 c395 c235 c77 c720 
p2419
c316 c155 c715 
p4120
c264 c71 c239 c400 c700 c722 
p6624
c142 c19 c701 c624 
p6722
c85 c265 c105 
p318
c362 c502 c31 c766 
p2794
c493 c364 
p5697
c211 c154 c719 c178 
p1012
c63 c774 c391 
p7917
c554 c246 c277 
p8495
c596 c591 c215 c567 c760 c300 
p6695
c561 c618 c418 
p1532
c29 c1 
p7759
c419 c254 c572 
p1904
c556 c598 c454 
p1616
c88 c552 c127 c428 
p7026
c67 c585 c501 
p1149
c464 c308 
p2628
c47 c771 c669 
p8595
c45 c687 c306 c716 
p9821
c622 c399 c225 c647 c573 
p2426
c514 c8 
p1071
c578 c297 
p4436
c450 c508 
p395
c486 c469 
p4844
c128 c158 c702 c327 c421 
p6730
c549 c460 c312 c789 c577 c665 c620 c758 
p5425
c718 c99 c294 c484 c639 c538 
p2708
c174 c48 c773 c632 c749 
p5121
c136 c196 c42 c173 
p5439
c314 c319 c221 c309 
p5641
c698 c151 c533 
p4581
c690 c520 c38 
p7167
c137 c613 c388 
p8846
c133 c263 c313 c532 
p9094
c693 c56 c741 c255 
p4221
c157 c476 c654 c268 
p6638
c728 c605 c370 c580 c519 c586 c799 c131 c398 c487 
p7963
c23 c447 c117 c229 c10 c745 c656 c281 c731 c135 
p644
c207 c466 c86 c590 c420 c324 
p5394
c704 c421 c247 c65 c203 c139 
p2182
c503 c652 c222 c482 c34 
p9210
c3 c290 c78 c544 c638 c245 c189 
p4840
c606 c451 c476 c517 
p7147
c167 c724 c631 c234 c302 c733 c197 
p8358
c59 c535 c30 c213 
p626
c153 c204 c140 c361 c262 c607 c452 c440 
p7045
c734 c150 c575 c111 c383 
p2457
c534 c576 c506 
p1967
c696 c299 c322 
p4013
c195 c550 
p5819
c342 c505 c279 c382 
p3499
c404 c725 c528 c33 c202 
p8959
c530 c470 c494 
p1029
c762 c441 c103 c371 
p4204
c271 c303 c381 c209 c461 
p8813
c132 c694 c752 
p2284
c723 c540 c683 
p7220
c407 c563 
p5057
c426 c410 c104 
p5722
c365 c332 c32 
p7994
c97 c581 c761 
p1048
c147 c269 c664 
p1281
c514 c159 
p3868
c645 c409 c599 c655 c582 c736 c626 
p8730
c463 c780 c18 c583 c614 
p4624
c402 c37 c669 
p3561
c158 c193 c751 c469 
p7257
c416 
p6011
c614 c44 c354 c51 c726 c408 c546 c492 c518 c710 
p6217
c36 c323 c791 c668 c612 c654 c565 c575 c105 c28 
p7646
c216 c83 c220 c192 c613 c373 c17 c399 c47 
p5919
c772 c513 c666 c402 c423 c674 c722 c159 c392 
p641
c158 c642 c166 c251 c604 c698 c530 c707 c543 
p5705
c125 c185 c71 c264 c679 c564 c529 c585 c287 
p6206
c152 c740 c55 c180 c33 c258 c790 
p1288
c782 c719 c587 c501 c70 c134 c555 c626 c418 
p5988
c560 c78 c792 c302 c694 c699 c729 c69 c462 c351 
p6815
c32 c331 c235 c43 c749 c225 c81 c417 
p5911
c99 c676 c175 c16 c236 c443 c700 c602 
p1660
c130 c696 c330 c591 c98 c266 c344 c557 c240 c776 
p5244
c415 c582 c593 c396 c760 c607 c395 c598 c677 c750 
p4293
c673 c212 c563 c120 c559 c294 c201 
p1499
c202 c720 c448 c414 c167 c723 c273 c450 
p6308
c183 c669 c709 c627 c685 c164 c176 
p198
c430 c765 c778 c611 c632 c84 c695 c348 c6 
p1805
c432 c20 c107 c198 c254 c171 c388 
p9433
c724 c88 c788 c533 c31 c606 c345 
p1212
c67 c558 c508 c775 c149 c744 c795 
p1449
c215 c376 c753 c617 c334 c787 
p5611
c412 c239 c662 c87 c277 c270 c121 
p1621
c42 c688 c40 c174 c693 c115 
p389
c478 c59 c168 c145 c141 c244 c771 c488 c381 c148 
p6556
c547 c718 c317 c629 c24 c649 c766 c636 
p9699
c639 c532 c762 c226 c7 c798 c9 c404 
p3041
c640 c318 c128 c368 c11 c458 c95 
p1643
c424 c568 c645 c126 c453 c329 c784 c34 
p37
c480 c367 c356 c49 c52 c8 
p8267
c89 c619 c523 c651 c21 c357 c502 
p1707
c393 c797 c583 c151 c590 c658 
p5537
c431 c621 c262 c542 c732 c512 c374 c204 
p6041
c177 c463 c407 c780 
p947
c526 c186 c747 c391 c428 c379 
p9548
c390 c713 c739 c497 
p8671
c366 c751 c754 c238 c511 c733 
p1850
c133 c491 c228 c333 c137 
p4512
c467 c85 c556 c58 c514 c230 c292 
p5954
c692 c247 c610 c436 
p5156
c327 c76 c116 c675 c343 c738 c19 
p2282
c359 c387 c140 c465 c796 
p5794
c205 c360 c736 c350 c409 
p3311
c531 c161 c490 c306 c284 c3 c263 c206 c233 c538 
p1754
c426 c288 c441 
p5172
c363 c686 c622 c781 c299 
p6027
c573 c442 c475 c741 c554 c210 c14 
p8386
c178 c163 c156 c61 c338 
p5960
c764 c142 c540 c489 
p5981
c544 c119 c144 c737 c123 
p2222
c234 c172 c517 c253 c637 
p9893
c643 c162 c380 c506 
p2494
c536 c282 c541 c63 
p8101
c269 c291 c5 
p2797
c340 c197 
p5767
c684 c773 c576 c335 
p8398
c597 c468 c102 
p2695
c461 c246 c255 
p1125
c717 c364 c434 c472 
p4006
c730 c211 c272 
p2346
c742 c209 c510 
p255
c353 c132 c278 c207 
p1253
c301 c114 c793 
p5733
c524 c122 
p1019
c545 c401 c683 c382 
p7151
c154 c337 c777 
p73
c474 c659 
p2602
c93 c305 
p3563
c456 c671 c336 
p8977
c527 c768 c321 c56 
p6151
c752 c384 c322 c403 c15 
p6839
c553 c681 c535 
p666
c298 c256 
p2106
c767 c208 c454 c191 
p1066
c182 c567 
p5378
c181 c96 c509 c118 
p9479
c405 c756 c394 
p7779
c308 
p8604
c416 
p53
c346 c504 
p5465
c433 c65 
p4987
c297 c657 
p196
c316 c315 c578 c386 
p3266
c268 c13 c438 c146 
p317
c50 c469 c548 
p5943
c249 c57 c155 
p8110
c200 c601 c361 
p3348
c429 c355 
p2189
c572 c22 
p2360
c413 c362 c147 
p6825
c589 
p3246
c498 c80 c420 c285 c786 c657 c241 
p6590
c341 c131 c486 c702 c243 
p8494
c646 c328 c437 c618 c521 
p3624
c296 c704 c623 c520 
p7624
c124 c237 c471 c712 c691 c672 
p7941
c504 c705 c189 c550 c62 
p2369
c41 c457 
p7098
c286 c325 
p7722
c697 c181 c73 
p8271
c312 c537 c276 
p2923
c309 c378 
p945
c96 c770 c789 
p5011
c464 c370 
p7305
c477 c361 c539 c603 
p3553
c456 c574 c223 
p7106
c655 c638 c527 c75 
p5020
c482 c27 c403 
p5783
c90 c592 c23 
p3730
c545 c127 c248 c358 c551 
p8016
c656 c589 c528 
p495
c516 c683 c631 
p4329
c483 c447 
p327
c4 c91 c586 c155 c46 c54 
p5508
c12 c401 c680 c701 c455 c298 c229 c196 c218 
p5952
c755 c517 c605 c25 c233 
p6021
c416 c525 
p5553
c253 c406 c275 c449 
p4414
c553 c493 c109 
p2266
c1 c332 c572 
p2507
c768 c22 c400 
p5818
c365 c3 c271 
p9971
c312 c758 c252 c544 c581 c442 c616 
p4311
c93 c267 c38 
p632
c433 c14 c347 c570 c383 c85 c119 
p7704
c123 c181 c224 c438 c303 
p3450
c144 c468 c535 c671 c505 c413 
p9062
c571 c628 c467 
p7621
c77 c118 c514 c377 
p1062
c716 c495 c538 c429 
p8212
c154 c292 
p3741
c355 c625 c509 
p7948
c64 c257 c94 c297 c778 c629 c92 c117 c186 c760 
p9432
c276 c757 c199 c608 c284 c127 c487 c427 c708 c31 
p3207
c259 c724 c307 c13 c462 c597 c100 c282 c639 
p9172
c605 c290 c655 c746 c339 c88 
p721
c15 c355 c97 c774 c540 c5 c242 c106 
p4040
c717 c324 c274 c480 c121 c534 c16 c135 c706 c382 
p9001
c424 c641 c606 c470 c340 c744 c508 c756 c348 
p7747
c336 c703 c53 c332 c205 c62 
p7968
c591 c208 c203 c146 c766 c138 c775 c716 c699 
p5377
c165 c551 c590 c293 c337 
p1298
c134 c762 c283 c396 c583 c360 
p6830
c587 c191 c574 c172 c24 c496 c311 c659 c204 c425 
p722
c246 c37 c385 c187 c370 c393 c665 c528 
p5653
c342 c741 c34 c169 c793 c552 c539 c70 c373 c68 
p4716
c656 c595 c421 c98 c19 c477 c345 c560 
p5458
c783 c526 c445 c761 c694 c485 c335 c49 c577 
p4927
c237 c484 c541 c202 c549 
p9171
c721 c255 c47 c357 c58 c747 c447 
p7663
c262 c795 c640 c727 
p2810
c672 c789 c689 c380 
p1199
c48 c494 c615 c178 c458 c725 c143 c635 
p8800
c126 c658 c325 c281 c110 c797 
p3920
c488 c588 c736 c683 c502 
p8304
c750 c277 c446 c594 
p434
c626 c687 c735 
p5694
c734 c8 c149 c21 c547 
p5242
c184 c167 c344 c161 c111 c253 c317 
p4642
c634 c676 c550 c26 c102 
p7965
c501 c132 c600 c678 
p370
c395 c567 c479 c118 
p1877
c613 c295 c429 c300 
p6225
c261 c116 c799 c112 c637 
p9930
c310 c59 c653 c361 c84 c555 
p9578
c220 c443 c439 
p1367
c670 c89 c232 c329 c503 
p426
c272 c602 
p48
c558 c621 c454 c11 
p8906
c460 c684 c210 c221 
p3950
c731 c364 c748 
p9185
c353 c759 c82 c18 c157 c651 c245 
p9533
c788 c391 c770 c114 
p242
c531 c52 c568 c411 c593 c472 c57 c365 
p4552
c244 c301 
p5112
c449 c175 c561 c517 
p6709
c514 c129 c27 c434 
p5050
c398 c732 c478 c305 
p6767
c83 c499 c103 
p1545
c515 c69 
p9751
c576 c663 c130 c589 
p3626
c124 c631 c226 c537 
p8645
c715 c350 c326 c712 c745 
p2196
c362 c524 
p8062
c404 c660 c532 
p3828
c248 c418 
p2959
c265 c633 c291 
p9108
c607 c368 
p9814
c695 
p3195
c378 c96 
p8023
c459 c400 c173 c331 c405 c148 c60 
p108
c510 c772 c302 
p8758
c769 c330 c664 c533 c625 c176 
p3285
c444 c709 c630 
p4670
c627 c513 c194 
p6637
c666 c140 
p4181
c674 c785 c720 
p2518
c372 c453 c164 c96 
p5113
c308 c612 
p276
c197 c654 c677 c738 
p8670
c773 c767 c73 c209 
p3385
c156 c236 c43 c624 
p8696
c36 c523 c679 c650 
p4323
c214 c662 c529 
p2617
c280 c71 c222 
p9395
c213 c185 c123 c531 c661 c580 c9 c279 c535 
p8897
c460 c792 c550 c650 c635 c518 c55 c718 c571 
p2779
c235 c399 c667 c514 c569 c584 c472 c572 
p4063
c503 c256 c505 c215 c490 c577 c786 c523 c250 
p7352
c636 c548 c679 c144 c575 c392 c408 c395 c401 
p7998
c386 c23 c232 c0 c344 c463 c430 c6 c51 c471 
p4530
c184 c351 c41 c254 c338 c578 c582 c316 c530 c141 
p4526
c365 c115 c409 c108 c245 c376 c35 c188 c726 
p3410
c417 c451 c742 c520 c456 c782 c140 c725 c38 
p8105
c781 c450 c593 c637 c326 c45 c787 c411 c441 c426 
p7699
c50 c178 c405 c261 c652 c275 c533 c723 
p4108
c343 c686 c212 c519 c181 c700 c318 
p4785
c676 c127 c494 c152 c422 c29 c104 
p2720
c227 c690 c368 c623 c264 c608 
p1184
c771 c44 c28 c359 c197 c369 c532 c557 
p7046
c270 c239 c433 c628 c785 c371 c512 
p1262
c112 c743 c714 c509 c176 c436 c278 
p8364
c224 c765 c448 c410 c645 c63 
p9715
c466 c22 c485 c153 c375 c312 c779 
p4452
c162 c280 c517 c284 c537 c474 
p816
c545 c298 c524 c130 c476 c218 c80 
p1131
c352 c85 c189 c543 c266 c86 c651 c414 
p1964
c492 c161 c634 c206 c148 c331 c513 
p2028
c4 c122 c675 c400 c790 c285 c374 c346 c546 
p1504
c465 c296 c627 c695 c619 
p7290
c432 c43 c14 c160 c620 
p9380
c299 c190 c607 c353 c124 c133 
p195
c680 c506 c407 c170 c175 
p9772
c567 c76 c193 c294 c99 c323 c694 
p4550
c143 c564 c18 c32 c167 
p3151
c93 c308 c692 
p6980
c585 c453 c366 c473 
p1779
c555 c25 c427 c632 c507 
p5459
c671 c501 c720 c388 
p6732
c455 c12 c315 c168 c547 
p7450
c457 c73 c438 c66 c321 c668 
p4658
c592 c7 c192 
p2849
c52 c769 c468 
p5471
c563 c643 
p1863
c738 c791 c341 c685 c674 
p617
c734 c289 c722 c749 
p5599
c558 c710 c486 c139 
p2313
c238 c11 c553 
p322
c788 c358 c662 
p43
c377 c125 c109 c195 
p5621
c586 c174 c570 c147 
p604
c642 c118 c759 
p2707
c72 c253 c113 c389 c783 
p4875
c363 c479 
p4346
c646 c59 
p3731
c230 c391 c95 c413 
p1274
c653 c616 c751 
p185
c390 c107 
p3267
c31 c313 c269 c697 
p2036
c418 c437 
p1457
c711 c2 c412 c416 
p7313
c209 c796 c287 
p7769
c303 c556 
p1801
c350 c105 
p999
c234 c263 c247 c713 c128 c231 c157 
p4639
c166 c225 c454 
p9385
c79 c467 c200 
p8193
c673 
p2625
c21 c199 c649 
p113
c757 c103 c8 
p3927
c464 c443 c236 c349 c231 c761 c497 c64 
p4524
c754 c220 c504 c670 c526 c276 c521 
p5251
c406 c499 c92 c214 c83 c429 
p1392
c755 c138 c134 c467 c355 
p9040
c493 c252 c69 c354 c457 c396 
p3133
c241 c696 c683 c762 c638 c379 c163 c328 
p8309
c669 c259 c603 c707 c491 
p1307
c179 c622 c42 c595 
p1251
c566 c13 c560 c60 c581 c425 
p1166
c10 c95 c242 c461 c158 
p1949
c226 c262 c508 c576 c745 c698 c776 
p761
c598 c216 c78 c21 c251 c770 c625 c335 c774 
p4988
c613 c540 c544 c438 c478 
p8877
c597 c292 c268 c267 c37 c656 c96 c156 
p4615
c117 c688 c482 c629 c668 
p9459
c145 c412 c495 c727 c794 
p4208
c452 c639 c348 
p5731
c536 c90 c693 c428 c496 c475 c796 
p8369
c447 c741 c602 c666 
p1978
c56 c77 c630 c574 c373 c347 
p5325
c444 c615 c210 c281 c277 
p7889
c719 c187 c291 c84 c561 
p7725
c778 c297 c111 
p656
c340 c732 c34 c319 c195 
p7716
c70 c758 c462 c263 
p9365
c17 c66 c552 
p4741
c203 c753 c101 c481 
p8487
c142 c393 
p348
c539 c640 
p7250
c654 c777 c522 c766 c583 
p8113
c20 c75 c257 
p3015
c5 c736 c415 
p4732
c515 c402 c183 
p6259
c538 c357 
p9057
c317 c234 c618 c768 
p2528
c673 
p4772
c391 c573 
