110
p12476
c577 c130 c561 c659 c58 c954 c932 c41 c808 c205 c696 
p8259
c994 c305 c726 c582 c384 c23 c948 c685 c77 c966 c594 c24 c459 c893 c180 c161 c842 c457 c607 c717 c725 c116 c216 c18 c115 c98 c555 c938 c187 c463 c862 c518 
p19686
c159 c272 c670 c990 c873 c238 c59 c511 c61 c339 c763 c818 c907 
p11376
c581 c546 c761 c635 c224 c838 c734 c223 c816 c603 
p3568
c574 c1 c293 c433 c148 c167 c729 c745 c947 c297 c493 c398 c108 c166 c654 c152 c504 c833 c15 
p15835
c149 c26 c271 c280 c851 c652 c566 c147 c598 c132 c780 c44 
p19371
c121 c105 c13 c898 c799 c545 c724 c191 c32 c22 c857 c300 
p4948
c634 c278 c55 c963 c204 c162 c42 c513 c153 c879 c17 
p14186
c668 c747 c84 c218 c882 c951 c637 c250 c648 c133 c467 c307 c823 
p23267
c377 c449 c526 c887 c486 c229 c136 c324 c231 c578 c903 c392 
p12741
c150 c593 c638 c710 c597 c117 c944 c227 c325 c88 c790 c73 c496 c367 
p10858
c75 c331 c409 c906 c740 c519 c819 c20 c179 c880 c589 
p22073
c157 c479 c505 c529 c620 c681 c764 c955 
p7329
c126 c249 c298 c60 c66 c834 c876 c913 
p2934
c480 c600 c612 c642 c701 c783 c909 c958 
p19779
c576 c48 c396 c445 c685 c585 c24 c558 c688 c521 
p2492
c572 c607 c32 c655 c1 c433 c710 c728 c585 c879 
p9636
c833 c279 c108 c159 c859 c556 c712 c100 c717 c57 c971 c685 c724 c745 c678 c588 c48 c876 c66 c828 c545 c857 
p22855
c531 c116 c751 c551 c504 c761 c489 c570 c148 c252 
p6715
c129 c675 c124 c559 c224 c873 c22 c644 c384 c167 c999 
p18400
c216 c854 c30 c339 c771 c249 c893 c784 c86 c411 
p1549
c938 c67 c853 c239 c367 c438 c162 c227 c213 c161 c436 c892 c656 c88 c33 c117 c776 c596 c4 
p11384
c824 c996 c500 c183 c624 c346 c841 c230 c948 c59 c398 
p6507
c824 c66 c227 c603 c798 c546 c231 c963 c906 c16 c86 c504 c205 c436 c574 c531 c692 c745 
p15129
c478 c807 c828 c346 c191 c88 c243 c224 c953 c76 c503 c808 c123 c282 c859 c854 c101 c598 c567 c117 c533 c955 c383 c851 c77 c9 c476 c262 c524 c803 c776 c879 
p21395
c467 c384 c685 c239 c644 c903 c761 c218 c213 c747 c61 c577 c33 c826 c22 
p11877
c279 c857 c433 c648 c324 c614 c818 c293 c582 c954 c309 c13 c999 c650 c1 c907 c98 
p18260
c35 c40 c355 c64 c716 c161 c589 c115 c508 c840 c739 c555 c489 c563 
p19835
c842 c712 c238 c138 c665 c669 c166 c100 c377 c536 
p8961
c591 c24 c880 c898 c564 c831 c652 c261 c521 c6 c664 c511 c133 c351 c624 c187 c876 c26 
p23902
c67 c996 c578 c860 c84 c367 c300 c222 c833 c458 c925 
p16989
c663 c599 c947 c990 c55 c944 c710 c162 c573 c252 c449 c140 c597 c469 c862 c512 
p24258
c21 c322 c44 c520 c568 c682 c822 c936 c977 
p11444
c58 c636 c958 c167 c495 c153 c601 c929 c513 c64 c288 c388 c724 
p18356
c143 c175 c211 c294 c41 c54 c589 c640 c686 c706 c975 
p4759
c437 c725 c648 c345 c654 c428 c115 c457 c13 c841 c267 
p23603
c670 c124 c41 c757 c966 c804 c559 c451 c398 c608 c155 c324 c309 c612 c771 c129 c272 
p12511
c149 c159 c120 c848 c614 c241 c806 c823 c526 c984 
p4733
c136 c241 c531 c262 c826 c669 c478 c117 c180 c463 c280 c966 c510 c842 c638 c570 c812 c167 c243 c494 c228 c551 c271 c484 c806 c543 c558 c150 c898 c58 c354 c289 c0 c6 c20 c210 c655 c635 c526 c433 
p3739
c145 c57 c624 c409 c963 c803 c205 c383 c636 c15 c664 c261 c388 c283 c659 c717 c86 c30 c508 
p24740
c229 c326 c715 c173 c187 c572 c745 c138 c887 c784 
p1133
c712 c808 c252 c108 c16 c925 c133 c7 c132 c69 c987 c14 c763 c656 c776 c288 c665 c725 c26 c831 
p12517
c873 c761 c596 c227 c155 c879 c89 c608 c445 c578 c757 c305 c703 c840 c493 c559 c340 
p4208
c481 c589 c29 c367 c75 c854 c867 c427 c604 c990 c700 
p15944
c195 c238 c67 c40 c999 c566 c149 c168 c513 c339 c948 c198 c654 
p17957
c637 c379 c518 c919 c34 c159 c743 c496 c599 c467 c153 c969 c129 
p14019
c807 c148 c44 c729 c277 c191 c73 c678 c113 c55 c377 c567 
p205
c105 c213 c853 c331 c116 c944 c908 c42 c162 c286 c846 c903 c88 
p12821
c358 c24 c519 c297 c449 c228 c138 c588 c963 c478 c818 
p22576
c807 c222 c728 c661 c272 c150 c22 c58 c585 c57 c162 c996 c229 c857 c518 c780 c282 c252 c678 c305 c599 c607 c971 
p13804
c776 c652 c216 c634 c249 c751 c484 c476 c715 c545 c17 c445 c582 c644 
p15351
c987 c163 c73 c77 c936 c747 c653 c976 c159 c180 c61 c932 c650 c665 c324 c7 c827 c280 c576 c792 c120 c283 c161 
p17890
c851 c638 c526 c503 c27 c267 c396 c511 c113 c169 c885 c862 c880 c148 c66 c133 
p20606
c745 c275 c508 c806 c166 c117 c784 c514 c23 c724 c261 c1 c944 c740 
p4329
c906 c179 c531 c262 c879 c842 c846 c907 c804 c524 c482 c388 c834 c670 c826 c132 
p21632
c581 c130 c398 c873 c577 c838 c296 c603 c167 c315 c201 
p7794
c578 c35 c383 c41 c32 c354 c86 c332 c496 c289 c409 
p19074
c0 c908 c685 c589 c862 c169 c130 c354 c33 c383 c567 
p16584
c158 c205 c331 c393 c437 c406 c147 c729 c327 c655 c612 c35 c149 c929 
p20213
c578 c59 c513 c14 c144 c288 c27 c466 c572 c875 c26 c67 
p1901
c100 c635 c743 c828 c601 c603 c293 c152 c808 c566 c243 c6 
p7032
c526 c153 c879 c267 c757 c38 c187 c524 c876 c591 c326 c75 c39 
p20236
c916 c761 c148 c191 c771 c873 c593 c32 c278 c842 
p7997
c70 c826 c638 c636 c598 c345 c648 c629 c179 c101 c286 c883 
p18842
c601 c818 c388 c98 c808 c445 c577 c578 c661 c33 c275 c178 c907 c22 c469 c169 c555 c996 c202 c511 c596 c173 c999 c386 c635 c734 c7 c903 c969 c324 c798 c558 c138 c218 c243 c252 
p14665
c286 c30 c100 c132 c384 c784 c634 c282 c238 c966 c656 c195 
p3335
c804 c59 c76 c180 c315 c648 c668 c204 c486 c161 
p6995
c652 c159 c987 c305 c885 c294 c136 c593 c198 c293 c543 c573 c274 
p9745
c459 c150 c494 c546 c0 c24 c84 c556 c521 c588 c496 c607 
p2627
c18 c976 c213 c650 c780 c824 c239 c358 c906 c9 c20 c812 c29 c145 c123 c117 c954 c566 
p2030
c685 c482 c168 c944 c69 c493 c224 c466 c484 c108 c262 c908 c716 
p11162
c34 c608 c603 c213 c607 c384 c716 c437 c634 c593 c478 c35 c67 c761 c963 c494 c57 c187 
p12826
c754 c750 c195 c862 c828 c205 c339 c724 c183 c971 c585 c411 c838 c831 
p4353
c948 c715 c307 c723 c966 c987 c130 c236 c280 c159 c638 c124 c842 c589 c383 c147 c806 c887 c954 c366 c816 c598 c149 c438 c64 c239 
p5327
c703 c9 c826 c880 c648 c526 c659 c1 c198 c297 c581 c180 
p18010
c860 c39 c669 c612 c906 c278 c249 c332 c133 c24 c893 c692 c44 c885 c326 c729 c216 c624 
p23717
c289 c944 c327 c58 c32 c908 c496 c717 c646 c582 
p19117
c636 c108 c504 c148 c346 c493 c757 c379 c153 c531 c367 c688 c262 c267 c929 c599 c288 c644 c955 c484 c73 c340 c700 
p15195
c969 c86 c879 c398 c289 c346 c556 c449 c445 c588 c77 c409 
p18443
c984 c929 c7 c846 c496 c113 c903 c840 c73 c916 c108 c757 
p9258
c654 c294 c908 c932 c69 c853 c155 c100 c324 c818 c469 c857 c19 c564 c558 c272 c16 c84 c519 c66 c123 c594 
p23659
c274 c951 c178 c661 c26 c561 c377 c23 c533 c367 
p4147
c834 c644 c668 c661 c351 c283 c463 c191 c824 c608 c953 c236 c275 c433 c780 c180 c428 c725 c963 c64 c149 c210 c591 c556 c857 c100 c453 c377 c458 
p1465
c19 c771 c243 c808 c14 c478 c396 c761 c32 c919 c183 c163 c577 c476 c20 c572 c340 c514 c16 c664 c831 
p8403
c948 c724 c38 c599 c798 c218 c494 c37 c876 c66 c944 c261 c159 c305 
p23394
c288 c580 c954 c57 c132 c324 c669 c685 c205 c648 c614 c73 c803 c885 c578 c675 c879 c26 c859 
p23240
c24 c178 c665 c545 c459 c150 c659 c984 c531 c1 
p13943
c898 c123 c906 c851 c893 c133 c793 c437 c784 c224 c787 c862 c88 
p18454
c734 c29 c262 c6 c162 c566 c838 c280 c818 c117 c169 c303 
p13818
c117 c358 c40 c463 c262 c932 c963 c48 c596 c150 c578 c526 c503 c238 c907 c546 c807 c152 c327 c136 c377 
p9634
c603 c953 c19 c903 c161 c33 c582 c724 c656 c664 c563 c59 c218 c887 c827 c76 c205 c191 c919 c798 c636 c282 c655 c948 c231 c180 c451 c148 c929 c297 c482 c559 c288 c466 c851 c166 c252 c367 c938 c873 c130 c803 c261 
p23763
c278 c942 c98 c100 c383 c326 c324 c947 c149 c824 
p6297
c449 c159 c275 c345 c745 c384 c355 c661 c906 c183 c267 c201 c678 c14 c121 c478 c44 c961 c572 c882 c481 c567 
p3773
c846 c434 c6 c555 c818 c561 c35 c700 c24 c545 c831 c303 c685 c16 c543 c38 c879 c23 c504 
p13489
c585 c558 c398 c224 c999 c808 c315 c898 c806 c457 c41 c178 
p12231
c712 c169 c597 c898 c191 c286 c747 c808 c999 c573 c987 c828 c763 c69 c654 c457 c577 c804 c428 c29 c803 c409 
p8136
c17 c903 c229 c331 c153 c459 c603 c108 c566 c216 c18 c205 
p3866
c77 c520 c325 c458 c340 c9 c652 c148 c734 c570 c30 c883 
p21030
c495 c784 c41 c793 c205 c66 c88 c324 c169 c152 c14 c115 c729 c907 c771 c961 c44 c26 c161 c792 c665 c808 c117 c745 c893 c13 c826 c574 c484 c558 c853 c531 c437 c644 c572 c249 c201 c33 c963 c903 
p13870
c740 c876 c198 c494 c191 c240 c763 c289 c664 c326 c243 c262 c130 c340 c739 c612 c280 c857 
p17583
c652 c167 c710 c386 c288 c98 c916 c37 c589 c563 c157 c229 c503 c67 
p16371
c69 c551 c831 c360 c30 c187 c608 c144 c274 c567 c216 c199 c761 c59 c724 c32 c987 c239 c238 
p325
c64 c303 c261 c824 c833 c6 c743 c510 c48 c518 c293 c919 c17 c803 c388 c566 
p10628
c715 c862 c661 c123 c351 c23 c163 c486 c297 c1 c511 c670 
p8735
c331 c879 c140 c213 c381 c636 c812 c919 c700 c664 c24 c624 c999 c476 c668 c833 c243 c804 c231 c876 c818 
p13445
c954 c656 c803 c898 c948 c880 c966 c887 c18 c518 c1 c130 c703 c230 c383 
p5337
c842 c561 c315 c300 c725 c661 c98 c486 c309 c646 
p12422
c58 c510 c831 c155 c761 c77 c198 c130 c558 c6 c599 c33 c712 c195 c179 c183 c173 c646 c202 c862 c42 c555 c340 
p9744
c286 c938 c159 c150 c438 c724 c919 c908 c634 c451 c367 c59 c213 c428 c876 c489 
p6703
c521 c227 c7 c533 c289 c327 c806 c132 c961 c793 c840 c873 c324 c168 c903 c984 c478 c204 c834 c19 c296 c614 
